# Date, spot_meas, millis
2000-01-01T00:00:00Z, 20.63, 212
2000-01-01T00:00:00Z, 20.69, 1320
2000-01-01T00:00:00Z, 20.69, 2427
2000-01-01T00:00:00Z, 20.63, 3535
2000-01-01T00:00:00Z, 20.63, 4643
2000-01-01T00:00:00Z, 20.63, 5751
2000-01-01T00:00:00Z, 20.63, 6858
2000-01-01T00:00:00Z, 20.69, 7966
2000-01-01T00:00:00Z, 20.69, 9074
2000-01-01T00:00:00Z, 20.63, 10182
2000-01-01T00:00:00Z, 20.63, 11289
2000-01-01T00:00:00Z, 20.69, 12397
2000-01-01T00:00:00Z, 20.69, 13505
2000-01-01T00:00:00Z, 20.69, 14611
2000-01-01T00:00:00Z, 20.69, 15719
2000-01-01T00:00:00Z, 20.69, 16827
2000-01-01T00:00:00Z, 20.69, 17935
2000-01-01T00:00:00Z, 20.69, 19043
2000-01-01T00:00:00Z, 20.69, 20157
2000-01-01T00:00:00Z, 20.69, 21265
2000-01-01T00:00:00Z, 20.69, 22373
2000-01-01T00:00:00Z, 20.69, 23481
2000-01-01T00:00:00Z, 20.69, 24589
2000-01-01T00:00:00Z, 20.69, 25698
2000-01-01T00:00:00Z, 20.69, 26806
2000-01-01T00:00:00Z, 20.69, 27914
2000-01-01T00:00:00Z, 20.69, 29022
2000-01-01T00:00:00Z, 20.69, 30130
2000-01-01T00:00:00Z, 20.69, 31242
2000-01-01T00:00:00Z, 20.69, 32350
2000-01-01T00:00:00Z, 20.69, 33458
2000-01-01T00:00:00Z, 20.69, 34566
2000-01-01T00:00:00Z, 20.69, 35674
2000-01-01T00:00:00Z, 20.69, 36782
2000-01-01T00:00:00Z, 20.69, 37891
2000-01-01T00:00:00Z, 20.69, 38999
2000-01-01T00:00:00Z, 20.63, 40107
2000-01-01T00:00:00Z, 20.69, 41214
2000-01-01T00:00:00Z, 20.63, 42322
2000-01-01T00:00:00Z, 20.69, 43430
2000-01-01T00:00:00Z, 20.63, 44539
2000-01-01T00:00:00Z, 20.63, 45647
2000-01-01T00:00:00Z, 20.63, 46758
2000-01-01T00:00:00Z, 20.63, 47866
2000-01-01T00:00:00Z, 20.63, 48974
2000-01-01T00:00:00Z, 20.69, 50082
2000-01-01T00:00:00Z, 20.69, 51190
2000-01-01T00:00:00Z, 20.63, 52299
2000-01-01T00:00:00Z, 20.69, 53407
2000-01-01T00:00:00Z, 20.63, 54515
2000-01-01T00:00:00Z, 20.63, 55623
2000-01-01T00:00:00Z, 20.63, 56731
2000-01-01T00:00:00Z, 20.69, 57839
2000-01-01T00:00:00Z, 20.69, 58947
2000-01-01T00:00:00Z, 20.69, 60056
2000-01-01T00:00:00Z, 20.69, 61164
2000-01-01T00:00:00Z, 20.63, 62275
2000-01-01T00:00:00Z, 20.63, 63388
2000-01-01T00:00:00Z, 20.69, 64496
2000-01-01T00:00:00Z, 20.69, 65604
2000-01-01T00:00:00Z, 20.69, 66713
2000-01-01T00:00:00Z, 20.69, 67821
2000-01-01T00:00:00Z, 20.69, 68929
2000-01-01T00:00:00Z, 20.69, 70037
2000-01-01T00:00:00Z, 20.69, 71146
2000-01-01T00:00:00Z, 20.63, 72254
2000-01-01T00:00:00Z, 20.69, 73362
2000-01-01T00:00:00Z, 20.63, 74470
2000-01-01T00:00:00Z, 20.63, 75578
2000-01-01T00:00:00Z, 20.63, 76687
2000-01-01T00:00:00Z, 20.69, 77798
2000-01-01T00:00:00Z, 20.69, 78906
2000-01-01T00:00:00Z, 20.63, 80014
2000-01-01T00:00:00Z, 20.63, 81122
2000-01-01T00:00:00Z, 20.63, 82230
2000-01-01T00:00:00Z, 20.63, 83338
2000-01-01T00:00:00Z, 20.69, 84447
# Date, spot_meas, millis
2000-01-01T00:00:00Z, 25.00, 305
2000-01-01T00:00:00Z, 20.63, 1424
# Date, spot_meas, millis
2000-01-01T00:00:00Z, 20.63, 193
2000-01-01T00:00:00Z, 20.63, 1301
2000-01-01T00:00:00Z, 20.63, 2409
2000-01-01T00:00:00Z, 20.63, 3517
2000-01-01T00:00:00Z, 20.63, 4628
2000-01-01T00:00:00Z, 20.63, 5737
2000-01-01T00:00:00Z, 20.63, 6845
2000-01-01T00:00:00Z, 20.63, 7953
2000-01-01T00:00:00Z, 20.63, 9061
2000-01-01T00:00:00Z, 20.63, 10169
2000-01-01T00:00:00Z, 20.69, 11277
2000-01-01T00:00:00Z, 20.63, 12385
2000-01-01T00:00:00Z, 20.63, 13493
2000-01-01T00:00:00Z, 20.63, 14601
2000-01-01T00:00:00Z, 20.63, 15709
2000-01-01T00:00:00Z, 20.63, 16823
2000-01-01T00:00:00Z, 20.63, 17931
2000-01-01T00:00:00Z, 20.63, 19039
2000-01-01T00:00:00Z, 20.63, 20147
2000-01-01T00:00:00Z, 20.63, 21258
2000-01-01T00:00:00Z, 20.63, 22366
2000-01-01T00:00:00Z, 20.63, 23474
2000-01-01T00:00:00Z, 20.63, 24582
2000-01-01T00:00:00Z, 20.63, 25690
2000-01-01T00:00:00Z, 20.63, 26797
2000-01-01T00:00:00Z, 20.63, 27905
2000-01-01T00:00:00Z, 20.63, 29012
2000-01-01T00:00:00Z, 20.63, 30120
2000-01-01T00:00:00Z, 20.63, 31228
2000-01-01T00:00:00Z, 20.63, 32335
2000-01-01T00:00:00Z, 20.63, 33443
2000-01-01T00:00:00Z, 20.63, 34551
2000-01-01T00:00:00Z, 20.63, 35659
2000-01-01T00:00:00Z, 20.63, 36788
2000-01-01T00:00:00Z, 20.63, 37910
2000-01-01T00:00:00Z, 20.63, 39032
2000-01-01T00:00:00Z, 20.63, 40155
2000-01-01T00:00:00Z, 20.63, 41276
2000-01-01T00:00:00Z, 20.63, 42398
2000-01-01T00:00:00Z, 20.56, 43521
2000-01-01T00:00:00Z, 20.63, 44643
2000-01-01T00:00:00Z, 20.63, 45765
2000-01-01T00:00:00Z, 20.63, 46887
2000-01-01T00:00:00Z, 20.63, 48010
2000-01-01T00:00:00Z, 20.63, 49131
2000-01-01T00:00:00Z, 20.63, 50253
2000-01-01T00:00:00Z, 20.63, 51376
2000-01-01T00:00:00Z, 20.63, 52502
2000-01-01T00:00:00Z, 20.63, 53624
2000-01-01T00:00:00Z, 20.63, 54747
2000-01-01T00:00:00Z, 20.69, 55869
2000-01-01T00:00:00Z, 20.63, 56991
2000-01-01T00:00:00Z, 20.63, 58115
# Date, spot_meas, millis
2000-01-01T00:00:00Z, 20.63, 218
2000-01-01T00:00:00Z, 20.63, 1340
2000-01-01T00:00:00Z, 20.63, 2462
2000-01-01T00:00:00Z, 20.63, 3586
2000-01-01T00:00:00Z, 20.63, 4708
2000-01-01T00:00:00Z, 20.63, 5831
2000-01-01T00:00:00Z, 20.63, 6953
2000-01-01T00:00:00Z, 20.63, 8076
2000-01-01T00:00:00Z, 20.63, 9202
2000-01-01T00:00:00Z, 20.63, 10324
2000-01-01T00:00:00Z, 20.63, 11448
# Date, spot_meas, millis
2000-01-01T00:00:00Z, 25.00, 324
# Date, spot_meas, millis
2000-01-01T00:00:00Z, 25.00, 620
2000-01-01T00:00:00Z, 20.63, 1754
2000-01-01T00:00:00Z, 20.63, 2885
2000-01-01T00:00:00Z, 20.63, 4007
2000-01-01T00:00:00Z, 20.69, 5130
2000-01-01T00:00:00Z, 20.63, 6253
2000-01-01T00:00:00Z, 20.63, 7375
2000-01-01T00:00:00Z, 20.63, 8498
2000-01-01T00:00:00Z, 20.63, 9620
2000-01-01T00:00:00Z, 20.63, 10746
2000-01-01T00:00:00Z, 20.63, 11869
2000-01-01T00:00:00Z, 20.63, 12991
2000-01-01T00:00:00Z, 20.63, 14113
2000-01-01T00:00:00Z, 20.63, 227
2000-01-01T00:00:00Z, 20.63, 1349
2000-01-01T00:00:00Z, 20.63, 2471
2000-01-01T00:00:00Z, 20.63, 3594
2000-01-01T00:00:00Z, 20.63, 4716
2000-01-01T00:00:00Z, 20.63, 5838
2000-01-01T00:00:00Z, 20.63, 6962
2000-01-01T00:00:00Z, 20.63, 8084
2000-01-01T00:00:00Z, 20.63, 9206
2000-01-01T00:00:00Z, 20.63, 10332
2000-01-01T00:00:00Z, 20.63, 11455
2000-01-01T00:00:00Z, 20.63, 12582
2000-01-01T00:00:00Z, 20.63, 13705
2000-01-01T00:00:00Z, 20.63, 14827
2000-01-01T00:00:00Z, 20.63, 15950
2000-01-01T00:00:00Z, 20.63, 17073
2000-01-01T00:00:00Z, 20.63, 18196
2000-01-01T00:00:00Z, 20.63, 19318
2000-01-01T00:00:00Z, 20.63, 20441
2000-01-01T00:00:00Z, 20.63, 21564
2000-01-01T00:00:00Z, 20.63, 22686
2000-01-01T00:00:00Z, 20.63, 23809
2000-01-01T00:00:00Z, 20.63, 24932
2000-01-01T00:00:00Z, 20.63, 26052
2000-01-01T00:00:00Z, 20.63, 27174
2000-01-01T00:00:00Z, 20.63, 28297
2000-01-01T00:00:00Z, 20.63, 29420
2000-01-01T00:00:00Z, 20.63, 30542
2000-01-01T00:00:00Z, 20.63, 31665
2000-01-01T00:00:00Z, 20.63, 32787
2000-01-01T00:00:00Z, 20.63, 33910
2000-01-01T00:00:00Z, 20.63, 35033
2000-01-01T00:00:00Z, 20.63, 36155
2000-01-01T00:00:00Z, 20.63, 37277
2000-01-01T00:00:00Z, 20.63, 38401
2000-01-01T00:00:00Z, 20.63, 39523
2000-01-01T00:00:00Z, 20.63, 40645
2000-01-01T00:00:00Z, 20.63, 41767
2000-01-01T00:00:00Z, 20.63, 42894
2000-01-01T00:00:00Z, 20.63, 44016
2000-01-01T00:00:00Z, 20.63, 45138
# Date, spot_meas, millis
2000-01-01T00:00:00Z, 25.00, 330
2000-01-01T00:00:00Z, 20.63, 1464
2000-01-01T00:00:00Z, 20.63, 2594
2000-01-01T00:00:00Z, 20.63, 3717
2000-01-01T00:00:00Z, 20.63, 4839
2000-01-01T00:00:00Z, 20.63, 5962
2000-01-01T00:00:00Z, 20.63, 7085
2000-01-01T00:00:00Z, 20.63, 8207
2000-01-01T00:00:00Z, 20.63, 9334
2000-01-01T00:00:00Z, 20.63, 10457
2000-01-01T00:00:00Z, 20.63, 11583
2000-01-01T00:00:00Z, 20.63, 12705
2000-01-01T00:00:00Z, 20.63, 13828
2000-01-01T00:00:00Z, 20.63, 14950
2000-01-01T00:00:00Z, 20.63, 16072
2000-01-01T00:00:00Z, 20.63, 17195
2000-01-01T00:00:00Z, 20.63, 18317
2000-01-01T00:00:00Z, 20.63, 19438
2000-01-01T00:00:00Z, 20.56, 20560
2000-01-01T00:00:00Z, 20.63, 21683
2000-01-01T00:00:00Z, 20.63, 22805
2000-01-01T00:00:00Z, 20.63, 23927
# Date, spot_meas, millis
2000-01-01T00:00:00Z, 25.00, 325
2000-01-01T00:00:00Z, 20.63, 1458
# Date, spot_meas, millis
2000-01-01T00:00:00Z, 20.63, 233
2000-01-01T00:00:00Z, 20.63, 1356
# Date, millis, spot_meas
2000-01-01T00:00:00Z, 173, 20.63
2000-01-01T00:00:00Z, 1296, 20.56
2000-01-01T00:00:00Z, 2419, 20.56
2000-01-01T00:00:00Z, 3543, 20.56
2000-01-01T00:00:00Z, 4666, 20.56
# Date, millis, spot_meas
2000-01-01T00:00:00Z, 172, 20.56
2000-01-01T00:00:00Z, 1295, 20.56
2000-01-01T00:00:00Z, 2419, 20.63
2000-01-01T00:00:00Z, 3543, 20.63
2000-01-01T00:00:00Z, 4666, 20.56
2000-01-01T00:00:00Z, 5793, 20.63
2000-01-01T00:00:00Z, 6917, 20.56
2000-01-01T00:00:00Z, 8041, 20.56
2000-01-01T00:00:00Z, 9164, 20.56
2000-01-01T00:00:00Z, 10288, 20.63
2000-01-01T00:00:00Z, 11412, 20.56
2000-01-01T00:00:00Z, 12535, 20.56
2000-01-01T00:00:00Z, 13660, 20.56
2000-01-01T00:00:00Z, 14788, 20.63
2000-01-01T00:00:00Z, 15912, 20.63
# Date, millis, spot_meas
2000-01-01T00:00:00Z, 581, 25.00
2000-01-01T00:00:00Z, 1716, 24.13
2000-01-01T00:00:00Z, 2850, 24.13
2000-01-01T00:00:00Z, 3977, 24.13
2000-01-01T00:00:00Z, 5104, 24.13
2000-01-01T00:00:00Z, 6227, 24.13
2000-01-01T00:00:00Z, 7352, 24.13
2000-01-01T00:00:00Z, 8475, 24.13
2000-01-01T00:00:00Z, 9600, 24.06
2000-01-01T00:00:00Z, 10724, 24.13
2000-01-01T00:00:00Z, 11847, 24.13
2000-01-01T00:00:00Z, 12972, 24.13
2000-01-01T00:00:00Z, 14095, 24.13
2000-01-01T00:00:00Z, 15219, 24.13
2000-01-01T00:00:00Z, 16343, 24.06
# Date, millis, spot_meas
2000-01-01T00:00:00Z, 282, 25.00
2000-01-01T00:00:00Z, 1417, 24.13
2000-01-01T00:00:00Z, 2551, 24.13
2000-01-01T00:00:00Z, 3681, 24.13
2000-01-01T00:00:00Z, 4804, 24.06
2000-01-01T00:00:00Z, 5928, 24.13
2000-01-01T00:00:00Z, 7052, 24.06
2000-01-01T00:00:00Z, 8176, 24.06
2000-01-01T00:00:00Z, 9299, 24.06
2000-01-01T00:00:00Z, 10424, 24.13
2000-01-01T00:00:00Z, 11547, 24.13
2000-01-01T00:00:00Z, 12672, 24.13
2000-01-01T00:00:00Z, 13795, 24.13
2000-01-01T00:00:00Z, 14919, 24.13
2000-01-01T00:00:00Z, 16043, 24.13
2000-01-01T00:00:00Z, 17167, 24.13
2000-01-01T00:00:00Z, 18290, 24.19
2000-01-01T00:00:00Z, 19418, 24.19
2000-01-01T00:00:00Z, 20542, 24.19
2000-01-01T00:00:00Z, 21666, 24.19
2000-01-01T00:00:00Z, 22795, 24.19
2000-01-01T00:00:00Z, 23918, 24.19
2000-01-01T00:00:00Z, 25042, 24.25
2000-01-01T00:00:00Z, 26166, 24.25
2000-01-01T00:00:00Z, 27290, 24.25
2000-01-01T00:00:00Z, 28414, 24.25
2000-01-01T00:00:00Z, 29538, 24.25
2000-01-01T00:00:00Z, 30662, 24.25
2000-01-01T00:00:00Z, 31785, 24.25
2000-01-01T00:00:00Z, 32910, 24.25
2000-01-01T00:00:00Z, 34033, 24.25
2000-01-01T00:00:00Z, 35161, 24.25
2000-01-01T00:00:00Z, 36285, 24.25
2000-01-01T00:00:00Z, 37409, 24.25
2000-01-01T00:00:00Z, 38533, 24.25
2000-01-01T00:00:00Z, 39657, 24.25
2000-01-01T00:00:00Z, 40780, 24.25
2000-01-01T00:00:00Z, 41905, 24.25
2000-01-01T00:00:00Z, 43028, 24.25
2000-01-01T00:00:00Z, 44152, 24.25
2000-01-01T00:00:00Z, 45276, 24.25
2000-01-01T00:00:00Z, 46400, 24.31
2000-01-01T00:00:00Z, 47523, 24.31
2000-01-01T00:00:00Z, 48648, 24.25
2000-01-01T00:00:00Z, 49771, 24.31
2000-01-01T00:00:00Z, 50895, 24.31
2000-01-01T00:00:00Z, 52017, 24.31
2000-01-01T00:00:00Z, 53141, 24.31
2000-01-01T00:00:00Z, 54264, 24.31
2000-01-01T00:00:00Z, 55389, 24.31
2000-01-01T00:00:00Z, 56512, 24.31
2000-01-01T00:00:00Z, 57636, 24.31
2000-01-01T00:00:00Z, 58760, 24.31
2000-01-01T00:00:00Z, 59884, 24.31
2000-01-01T00:00:00Z, 61007, 24.31
2000-01-01T00:00:00Z, 62132, 24.31
2000-01-01T00:00:00Z, 63255, 24.31
2000-01-01T00:00:00Z, 64379, 24.31
2000-01-01T00:00:00Z, 65503, 24.31
2000-01-01T00:00:00Z, 66632, 24.31
2000-01-01T00:00:00Z, 67760, 24.38
# Date, millis, spot_meas
2000-01-01T00:00:00Z, 282, 25.00
2000-01-01T00:00:00Z, 1417, 24.56
2000-01-01T00:00:00Z, 2551, 24.56
2000-01-01T00:00:00Z, 3677, 24.56
2000-01-01T00:00:00Z, 4800, 24.56
2000-01-01T00:00:00Z, 5923, 24.56
2000-01-01T00:00:00Z, 7048, 24.56
2000-01-01T00:00:00Z, 8171, 24.63
2000-01-01T00:00:00Z, 9294, 24.56
2000-01-01T00:00:00Z, 10418, 24.63
2000-01-01T00:00:00Z, 11541, 24.63
2000-01-01T00:00:00Z, 12665, 24.56
2000-01-01T00:00:00Z, 13789, 24.63
2000-01-01T00:00:00Z, 14921, 24.63
2000-01-01T00:00:00Z, 16039, 24.63
2000-01-01T00:00:00Z, 17159, 24.63
2000-01-01T00:00:00Z, 18277, 24.63
2000-01-01T00:00:00Z, 19395, 24.63
2000-01-01T00:00:00Z, 20514, 24.69
2000-01-01T00:00:00Z, 21633, 24.63
2000-01-01T00:00:00Z, 22751, 24.69
2000-01-01T00:00:00Z, 23870, 24.69
2000-01-01T00:00:00Z, 24988, 24.69
2000-01-01T00:00:00Z, 26106, 24.69
2000-01-01T00:00:00Z, 27225, 24.69
2000-01-01T00:00:00Z, 28344, 24.69
2000-01-01T00:00:00Z, 29462, 24.69
2000-01-01T00:00:00Z, 30578, 24.69
2000-01-01T00:00:00Z, 31697, 24.69
2000-01-01T00:00:00Z, 32817, 24.69
2000-01-01T00:00:00Z, 33935, 24.69
2000-01-01T00:00:00Z, 35054, 24.69
2000-01-01T00:00:00Z, 36172, 24.69
2000-01-01T00:00:00Z, 37292, 24.69
2000-01-01T00:00:00Z, 38411, 24.69
2000-01-01T00:00:00Z, 39529, 24.69
2000-01-01T00:00:00Z, 40653, 24.69
2000-01-01T00:00:00Z, 41772, 24.69
2000-01-01T00:00:00Z, 42891, 24.69
2000-01-01T00:00:00Z, 44010, 24.69
2000-01-01T00:00:00Z, 45129, 24.69
2000-01-01T00:00:00Z, 46251, 24.69
2000-01-01T00:00:00Z, 47370, 24.69
2000-01-01T00:00:00Z, 48489, 24.69
2000-01-01T00:00:00Z, 49607, 24.69
2000-01-01T00:00:00Z, 50726, 24.69
2000-01-01T00:00:00Z, 51846, 24.69
2000-01-01T00:00:00Z, 52964, 24.69
2000-01-01T00:00:00Z, 54083, 24.69
2000-01-01T00:00:00Z, 55202, 24.69
2000-01-01T00:00:00Z, 56321, 24.69
2000-01-01T00:00:00Z, 57440, 24.69
2000-01-01T00:00:00Z, 58559, 24.69
2000-01-01T00:00:00Z, 59677, 24.75
2000-01-01T00:00:00Z, 60796, 24.69
2000-01-01T00:00:00Z, 61919, 24.69
2000-01-01T00:00:00Z, 63037, 24.69
2000-01-01T00:00:00Z, 64156, 24.69
2000-01-01T00:00:00Z, 65275, 24.69
2000-01-01T00:00:00Z, 66394, 24.69
2000-01-01T00:00:00Z, 67513, 24.69
2000-01-01T00:00:00Z, 68631, 24.75
2000-01-01T00:00:00Z, 69750, 24.75
2000-01-01T00:00:00Z, 70870, 24.69
2000-01-01T00:00:00Z, 71988, 24.75
2000-01-01T00:00:00Z, 73107, 24.75
2000-01-01T00:00:00Z, 74226, 24.69
2000-01-01T00:00:00Z, 75344, 24.75
2000-01-01T00:00:00Z, 76464, 24.75
2000-01-01T00:00:00Z, 77582, 24.75
2000-01-01T00:00:00Z, 78704, 24.75
2000-01-01T00:00:00Z, 79823, 24.75
2000-01-01T00:00:00Z, 80942, 24.75
2000-01-01T00:00:00Z, 82061, 24.75
2000-01-01T00:00:00Z, 83179, 24.75
2000-01-01T00:00:00Z, 84303, 24.75
2000-01-01T00:00:00Z, 85423, 24.75
2000-01-01T00:00:00Z, 86541, 24.75
2000-01-01T00:00:00Z, 87660, 24.75
2000-01-01T00:00:00Z, 88779, 24.75
2000-01-01T00:00:00Z, 89899, 24.75
2000-01-01T00:00:00Z, 91017, 24.75
2000-01-01T00:00:00Z, 92136, 24.75
2000-01-01T00:00:00Z, 93255, 24.75
2000-01-01T00:00:00Z, 94376, 24.81
2000-01-01T00:00:00Z, 95496, 24.75
2000-01-01T00:00:00Z, 96615, 24.75
2000-01-01T00:00:00Z, 97733, 24.75
2000-01-01T00:00:00Z, 98852, 24.75
2000-01-01T00:00:00Z, 99972, 24.69
2000-01-01T00:00:00Z, 101090, 24.69
2000-01-01T00:00:00Z, 102209, 24.69
2000-01-01T00:00:00Z, 103328, 24.69
2000-01-01T00:00:00Z, 104446, 24.69
2000-01-01T00:00:00Z, 105566, 24.63
2000-01-01T00:00:00Z, 106685, 24.63
2000-01-01T00:00:00Z, 107803, 24.63
2000-01-01T00:00:00Z, 108922, 24.56
2000-01-01T00:00:00Z, 110045, 24.56
2000-01-01T00:00:00Z, 111163, 24.50
2000-01-01T00:00:00Z, 112282, 24.50
2000-01-01T00:00:00Z, 113401, 24.44
2000-01-01T00:00:00Z, 114520, 24.44
2000-01-01T00:00:00Z, 115639, 24.38
2000-01-01T00:00:00Z, 116758, 24.38
2000-01-01T00:00:00Z, 117876, 24.31
2000-01-01T00:00:00Z, 118995, 24.31
2000-01-01T00:00:00Z, 120114, 24.31
2000-01-01T00:00:00Z, 121233, 24.25
2000-01-01T00:00:00Z, 122352, 24.25
2000-01-01T00:00:00Z, 123470, 24.19
2000-01-01T00:00:00Z, 124590, 24.19
2000-01-01T00:00:00Z, 125711, 24.13
2000-01-01T00:00:00Z, 126829, 24.13
2000-01-01T00:00:00Z, 127948, 24.06
2000-01-01T00:00:00Z, 129072, 24.06
2000-01-01T00:00:00Z, 130190, 24.00
2000-01-01T00:00:00Z, 131309, 24.00
2000-01-01T00:00:00Z, 132427, 24.00
2000-01-01T00:00:00Z, 133545, 24.00
2000-01-01T00:00:00Z, 134665, 23.94
2000-01-01T00:00:00Z, 135783, 23.94
2000-01-01T00:00:00Z, 136902, 23.88
2000-01-01T00:00:00Z, 138020, 23.81
2000-01-01T00:00:00Z, 139139, 23.81
2000-01-01T00:00:00Z, 140269, 23.75
2000-01-01T00:00:00Z, 141392, 23.75
2000-01-01T00:00:00Z, 142515, 23.75
2000-01-01T00:00:00Z, 143637, 23.75
2000-01-01T00:00:00Z, 144759, 23.75
2000-01-01T00:00:00Z, 145882, 23.75
2000-01-01T00:00:00Z, 147004, 23.75
2000-01-01T00:00:00Z, 148127, 23.75
2000-01-01T00:00:00Z, 149250, 23.75
2000-01-01T00:00:00Z, 150372, 23.75
2000-01-01T00:00:00Z, 151494, 23.75
2000-01-01T00:00:00Z, 152616, 23.75
2000-01-01T00:00:00Z, 153739, 23.69
2000-01-01T00:00:00Z, 154862, 23.75
2000-01-01T00:00:00Z, 155987, 23.75
2000-01-01T00:00:00Z, 157110, 23.75
2000-01-01T00:00:00Z, 158233, 23.75
2000-01-01T00:00:00Z, 159355, 23.69
2000-01-01T00:00:00Z, 160479, 23.69
2000-01-01T00:00:00Z, 161601, 23.75
2000-01-01T00:00:00Z, 162724, 23.69
2000-01-01T00:00:00Z, 163847, 23.69
2000-01-01T00:00:00Z, 164970, 23.69
2000-01-01T00:00:00Z, 166092, 23.69
2000-01-01T00:00:00Z, 167216, 23.75
2000-01-01T00:00:00Z, 168338, 23.69
2000-01-01T00:00:00Z, 169461, 23.69
2000-01-01T00:00:00Z, 170584, 23.69
2000-01-01T00:00:00Z, 171710, 23.69
2000-01-01T00:00:00Z, 172837, 23.69
2000-01-01T00:00:00Z, 173961, 23.69
2000-01-01T00:00:00Z, 175083, 23.75
2000-01-01T00:00:00Z, 176206, 23.69
2000-01-01T00:00:00Z, 177330, 23.69
2000-01-01T00:00:00Z, 178452, 23.63
2000-01-01T00:00:00Z, 179575, 23.63
2000-01-01T00:00:00Z, 180698, 23.63
2000-01-01T00:00:00Z, 181821, 23.63
2000-01-01T00:00:00Z, 182943, 23.63
2000-01-01T00:00:00Z, 184067, 23.63
2000-01-01T00:00:00Z, 185190, 23.63
2000-01-01T00:00:00Z, 186312, 23.63
2000-01-01T00:00:00Z, 187439, 23.56
2000-01-01T00:00:00Z, 188561, 23.63
2000-01-01T00:00:00Z, 189684, 23.56
2000-01-01T00:00:00Z, 190807, 23.56
2000-01-01T00:00:00Z, 191930, 23.56
2000-01-01T00:00:00Z, 193053, 23.56
2000-01-01T00:00:00Z, 194176, 23.56
2000-01-01T00:00:00Z, 195299, 23.50
2000-01-01T00:00:00Z, 196421, 23.50
2000-01-01T00:00:00Z, 197544, 23.50
2000-01-01T00:00:00Z, 198667, 23.50
2000-01-01T00:00:00Z, 199789, 23.50
2000-01-01T00:00:00Z, 200912, 23.50
2000-01-01T00:00:00Z, 202035, 23.50
2000-01-01T00:00:00Z, 203161, 23.50
2000-01-01T00:00:00Z, 204284, 23.50
2000-01-01T00:00:00Z, 205407, 23.50
2000-01-01T00:00:00Z, 206530, 23.50
2000-01-01T00:00:00Z, 207652, 23.50
2000-01-01T00:00:00Z, 208775, 23.50
2000-01-01T00:00:00Z, 209898, 23.50
2000-01-01T00:00:00Z, 211020, 23.44
2000-01-01T00:00:00Z, 212144, 23.44
2000-01-01T00:00:00Z, 213266, 23.50
2000-01-01T00:00:00Z, 214389, 23.44
2000-01-01T00:00:00Z, 215512, 23.50
2000-01-01T00:00:00Z, 216639, 23.50
2000-01-01T00:00:00Z, 217762, 23.44
2000-01-01T00:00:00Z, 218884, 23.50
2000-01-01T00:00:00Z, 220006, 23.44
2000-01-01T00:00:00Z, 221129, 23.50
2000-01-01T00:00:00Z, 222252, 23.44
2000-01-01T00:00:00Z, 223375, 23.44
2000-01-01T00:00:00Z, 224498, 23.44
2000-01-01T00:00:00Z, 225620, 23.44
2000-01-01T00:00:00Z, 226744, 23.44
2000-01-01T00:00:00Z, 227866, 23.44
2000-01-01T00:00:00Z, 228989, 23.38
2000-01-01T00:00:00Z, 230112, 23.38
2000-01-01T00:00:00Z, 231235, 23.44
2000-01-01T00:00:00Z, 232357, 23.44
2000-01-01T00:00:00Z, 233481, 23.38
2000-01-01T00:00:00Z, 234601, 23.38
2000-01-01T00:00:00Z, 235724, 23.38
2000-01-01T00:00:00Z, 236847, 23.38
2000-01-01T00:00:00Z, 237970, 23.44
2000-01-01T00:00:00Z, 239092, 23.44
2000-01-01T00:00:00Z, 240216, 23.44
2000-01-01T00:00:00Z, 241338, 23.44
2000-01-01T00:00:00Z, 242461, 23.44
2000-01-01T00:00:00Z, 243584, 23.44
2000-01-01T00:00:00Z, 244707, 22.38
2000-01-01T00:00:00Z, 245829, 20.00
2000-01-01T00:00:00Z, 246952, 17.81
2000-01-01T00:00:00Z, 248075, 15.94
2000-01-01T00:00:00Z, 249201, 14.44
2000-01-01T00:00:00Z, 250323, 13.25
2000-01-01T00:00:00Z, 251446, 12.25
2000-01-01T00:00:00Z, 252568, 11.50
2000-01-01T00:00:00Z, 253690, 10.88
2000-01-01T00:00:00Z, 254813, 10.31
2000-01-01T00:00:00Z, 255935, 9.88
2000-01-01T00:00:00Z, 257057, 9.50
2000-01-01T00:00:00Z, 258180, 9.13
2000-01-01T00:00:00Z, 259303, 8.81
2000-01-01T00:00:00Z, 260425, 8.50
2000-01-01T00:00:00Z, 261553, 8.31
2000-01-01T00:00:00Z, 262675, 7.94
2000-01-01T00:00:00Z, 263797, 7.69
2000-01-01T00:00:00Z, 264932, 7.44
2000-01-01T00:00:00Z, 266056, 7.25
2000-01-01T00:00:00Z, 267180, 6.94
2000-01-01T00:00:00Z, 268304, 6.75
2000-01-01T00:00:00Z, 269427, 6.56
2000-01-01T00:00:00Z, 270552, 6.38
2000-01-01T00:00:00Z, 271675, 6.19
2000-01-01T00:00:00Z, 272799, 6.00
2000-01-01T00:00:00Z, 273923, 5.88
2000-01-01T00:00:00Z, 275047, 5.75
2000-01-01T00:00:00Z, 276170, 5.56
2000-01-01T00:00:00Z, 277295, 5.44
2000-01-01T00:00:00Z, 278418, 5.25
2000-01-01T00:00:00Z, 279541, 5.19
2000-01-01T00:00:00Z, 280666, 5.06
2000-01-01T00:00:00Z, 281793, 4.94
2000-01-01T00:00:00Z, 282917, 4.81
2000-01-01T00:00:00Z, 284041, 4.69
2000-01-01T00:00:00Z, 285165, 4.63
2000-01-01T00:00:00Z, 286289, 4.56
2000-01-01T00:00:00Z, 287414, 4.50
2000-01-01T00:00:00Z, 288538, 4.38
2000-01-01T00:00:00Z, 289661, 4.31
2000-01-01T00:00:00Z, 290786, 4.19
2000-01-01T00:00:00Z, 291910, 4.13
2000-01-01T00:00:00Z, 293035, 4.00
2000-01-01T00:00:00Z, 294158, 3.94
2000-01-01T00:00:00Z, 295282, 3.88
2000-01-01T00:00:00Z, 296407, 3.81
2000-01-01T00:00:00Z, 297534, 3.75
2000-01-01T00:00:00Z, 298658, 3.69
2000-01-01T00:00:00Z, 299782, 3.63
2000-01-01T00:00:00Z, 300906, 3.56
2000-01-01T00:00:00Z, 302030, 3.50
2000-01-01T00:00:00Z, 303155, 3.50
2000-01-01T00:00:00Z, 304279, 3.44
2000-01-01T00:00:00Z, 305408, 3.38
2000-01-01T00:00:00Z, 306532, 3.38
2000-01-01T00:00:00Z, 307655, 3.31
2000-01-01T00:00:00Z, 308780, 3.31
2000-01-01T00:00:00Z, 309904, 3.25
2000-01-01T00:00:00Z, 311028, 3.25
2000-01-01T00:00:00Z, 312153, 3.25
2000-01-01T00:00:00Z, 313280, 3.19
2000-01-01T00:00:00Z, 314404, 3.19
2000-01-01T00:00:00Z, 315529, 3.13
2000-01-01T00:00:00Z, 316653, 3.06
2000-01-01T00:00:00Z, 317776, 3.06
2000-01-01T00:00:00Z, 318901, 3.00
2000-01-01T00:00:00Z, 320025, 3.06
2000-01-01T00:00:00Z, 321149, 2.94
2000-01-01T00:00:00Z, 322274, 3.00
2000-01-01T00:00:00Z, 323398, 2.94
2000-01-01T00:00:00Z, 324521, 2.94
2000-01-01T00:00:00Z, 325646, 2.94
2000-01-01T00:00:00Z, 326770, 2.88
2000-01-01T00:00:00Z, 327895, 2.88
2000-01-01T00:00:00Z, 329022, 2.88
2000-01-01T00:00:00Z, 330146, 2.88
2000-01-01T00:00:00Z, 331270, 2.81
2000-01-01T00:00:00Z, 332394, 2.81
2000-01-01T00:00:00Z, 333518, 2.75
2000-01-01T00:00:00Z, 334643, 2.81
2000-01-01T00:00:00Z, 335766, 2.75
2000-01-01T00:00:00Z, 336890, 2.81
2000-01-01T00:00:00Z, 338015, 2.75
2000-01-01T00:00:00Z, 339139, 2.75
2000-01-01T00:00:00Z, 340262, 2.81
2000-01-01T00:00:00Z, 341387, 2.75
2000-01-01T00:00:00Z, 342511, 2.75
2000-01-01T00:00:00Z, 343635, 2.75
2000-01-01T00:00:00Z, 344759, 2.69
2000-01-01T00:00:00Z, 345881, 2.69
2000-01-01T00:00:00Z, 347005, 2.69
2000-01-01T00:00:00Z, 348129, 2.69
2000-01-01T00:00:00Z, 349258, 2.69
2000-01-01T00:00:00Z, 350383, 2.69
2000-01-01T00:00:00Z, 351507, 2.69
2000-01-01T00:00:00Z, 352631, 2.69
2000-01-01T00:00:00Z, 353756, 2.69
2000-01-01T00:00:00Z, 354879, 2.69
2000-01-01T00:00:00Z, 356003, 2.69
2000-01-01T00:00:00Z, 357128, 2.69
2000-01-01T00:00:00Z, 358252, 2.69
2000-01-01T00:00:00Z, 359376, 2.63
2000-01-01T00:00:00Z, 360501, 2.63
2000-01-01T00:00:00Z, 361622, 2.63
2000-01-01T00:00:00Z, 362746, 2.63
2000-01-01T00:00:00Z, 363871, 2.63
2000-01-01T00:00:00Z, 364995, 2.63
2000-01-01T00:00:00Z, 366119, 2.63
2000-01-01T00:00:00Z, 367243, 2.63
2000-01-01T00:00:00Z, 368367, 2.63
2000-01-01T00:00:00Z, 369491, 2.63
2000-01-01T00:00:00Z, 370616, 2.63
2000-01-01T00:00:00Z, 371740, 2.63
2000-01-01T00:00:00Z, 372865, 2.63
2000-01-01T00:00:00Z, 373988, 2.63
2000-01-01T00:00:00Z, 375112, 2.56
2000-01-01T00:00:00Z, 376237, 2.63
2000-01-01T00:00:00Z, 377364, 2.63
2000-01-01T00:00:00Z, 378487, 2.63
2000-01-01T00:00:00Z, 379612, 2.63
2000-01-01T00:00:00Z, 380735, 2.63
2000-01-01T00:00:00Z, 381858, 2.63
2000-01-01T00:00:00Z, 382983, 2.63
2000-01-01T00:00:00Z, 384106, 2.63
2000-01-01T00:00:00Z, 385229, 2.63
2000-01-01T00:00:00Z, 386354, 2.56
2000-01-01T00:00:00Z, 387477, 2.63
2000-01-01T00:00:00Z, 388600, 2.63
2000-01-01T00:00:00Z, 389725, 2.63
2000-01-01T00:00:00Z, 390848, 2.63
2000-01-01T00:00:00Z, 391971, 2.56
2000-01-01T00:00:00Z, 393107, 2.56
2000-01-01T00:00:00Z, 394231, 2.56
2000-01-01T00:00:00Z, 395350, 2.63
2000-01-01T00:00:00Z, 396469, 2.63
2000-01-01T00:00:00Z, 397588, 2.63
2000-01-01T00:00:00Z, 398706, 2.56
2000-01-01T00:00:00Z, 399825, 2.63
2000-01-01T00:00:00Z, 400944, 2.63
2000-01-01T00:00:00Z, 402063, 2.63
2000-01-01T00:00:00Z, 403182, 2.63
2000-01-01T00:00:00Z, 404300, 2.63
2000-01-01T00:00:00Z, 405420, 2.63
2000-01-01T00:00:00Z, 406538, 2.56
2000-01-01T00:00:00Z, 407657, 2.63
2000-01-01T00:00:00Z, 408779, 2.63
2000-01-01T00:00:00Z, 409897, 2.56
2000-01-01T00:00:00Z, 411017, 2.56
2000-01-01T00:00:00Z, 412136, 2.56
2000-01-01T00:00:00Z, 413255, 2.63
2000-01-01T00:00:00Z, 414374, 2.56
2000-01-01T00:00:00Z, 415494, 2.56
2000-01-01T00:00:00Z, 416613, 2.56
2000-01-01T00:00:00Z, 417732, 2.63
2000-01-01T00:00:00Z, 418851, 2.56
2000-01-01T00:00:00Z, 419971, 2.63
2000-01-01T00:00:00Z, 421089, 2.56
2000-01-01T00:00:00Z, 422208, 2.56
2000-01-01T00:00:00Z, 423327, 2.56
2000-01-01T00:00:00Z, 424446, 2.56
2000-01-01T00:00:00Z, 425569, 2.56
2000-01-01T00:00:00Z, 426688, 2.63
2000-01-01T00:00:00Z, 427807, 2.63
2000-01-01T00:00:00Z, 428926, 2.63
2000-01-01T00:00:00Z, 430045, 2.56
2000-01-01T00:00:00Z, 431164, 2.63
2000-01-01T00:00:00Z, 432283, 2.63
2000-01-01T00:00:00Z, 433402, 2.63
2000-01-01T00:00:00Z, 434522, 2.63
2000-01-01T00:00:00Z, 435641, 2.63
2000-01-01T00:00:00Z, 436760, 2.56
2000-01-01T00:00:00Z, 437884, 2.56
2000-01-01T00:00:00Z, 439003, 2.63
2000-01-01T00:00:00Z, 440122, 2.56
2000-01-01T00:00:00Z, 441244, 2.56
2000-01-01T00:00:00Z, 442363, 2.56
2000-01-01T00:00:00Z, 443483, 2.63
2000-01-01T00:00:00Z, 444602, 2.63
2000-01-01T00:00:00Z, 445721, 2.63
2000-01-01T00:00:00Z, 446840, 2.63
2000-01-01T00:00:00Z, 447960, 2.63
2000-01-01T00:00:00Z, 449079, 2.56
2000-01-01T00:00:00Z, 450198, 2.63
2000-01-01T00:00:00Z, 451316, 2.63
2000-01-01T00:00:00Z, 452435, 2.63
2000-01-01T00:00:00Z, 453555, 2.56
2000-01-01T00:00:00Z, 454674, 2.63
2000-01-01T00:00:00Z, 455793, 2.63
2000-01-01T00:00:00Z, 456915, 2.63
2000-01-01T00:00:00Z, 458035, 2.63
2000-01-01T00:00:00Z, 459154, 2.63
2000-01-01T00:00:00Z, 460273, 2.63
2000-01-01T00:00:00Z, 461391, 2.63
2000-01-01T00:00:00Z, 462511, 2.56
2000-01-01T00:00:00Z, 463630, 2.63
2000-01-01T00:00:00Z, 464749, 2.56
2000-01-01T00:00:00Z, 465868, 2.63
2000-01-01T00:00:00Z, 466988, 2.56
2000-01-01T00:00:00Z, 468107, 2.63
2000-01-01T00:00:00Z, 469226, 2.63
2000-01-01T00:00:00Z, 470345, 2.56
2000-01-01T00:00:00Z, 471463, 2.63
2000-01-01T00:00:00Z, 472586, 2.56
2000-01-01T00:00:00Z, 473705, 2.63
2000-01-01T00:00:00Z, 474824, 2.63
2000-01-01T00:00:00Z, 475943, 2.56
2000-01-01T00:00:00Z, 477063, 2.63
2000-01-01T00:00:00Z, 478182, 2.63
2000-01-01T00:00:00Z, 479301, 2.63
2000-01-01T00:00:00Z, 480419, 2.63
2000-01-01T00:00:00Z, 481544, 2.63
2000-01-01T00:00:00Z, 482663, 2.56
2000-01-01T00:00:00Z, 483782, 2.56
2000-01-01T00:00:00Z, 484901, 2.63
2000-01-01T00:00:00Z, 486021, 2.63
2000-01-01T00:00:00Z, 487140, 2.63
2000-01-01T00:00:00Z, 488259, 2.63
2000-01-01T00:00:00Z, 489376, 2.63
2000-01-01T00:00:00Z, 490496, 2.63
2000-01-01T00:00:00Z, 491615, 2.63
2000-01-01T00:00:00Z, 492734, 2.56
2000-01-01T00:00:00Z, 493853, 2.63
2000-01-01T00:00:00Z, 494972, 2.63
2000-01-01T00:00:00Z, 496092, 2.63
2000-01-01T00:00:00Z, 497211, 2.63
2000-01-01T00:00:00Z, 498330, 2.63
2000-01-01T00:00:00Z, 499449, 2.63
2000-01-01T00:00:00Z, 500568, 2.56
2000-01-01T00:00:00Z, 501687, 2.63
2000-01-01T00:00:00Z, 502806, 2.63
2000-01-01T00:00:00Z, 503925, 2.63
2000-01-01T00:00:00Z, 505042, 2.56
2000-01-01T00:00:00Z, 506162, 2.56
2000-01-01T00:00:00Z, 507280, 2.63
2000-01-01T00:00:00Z, 508399, 2.63
2000-01-01T00:00:00Z, 509517, 2.63
2000-01-01T00:00:00Z, 510637, 2.63
2000-01-01T00:00:00Z, 511755, 2.56
2000-01-01T00:00:00Z, 512874, 2.56
2000-01-01T00:00:00Z, 513992, 2.63
2000-01-01T00:00:00Z, 515111, 2.56
2000-01-01T00:00:00Z, 516230, 2.63
2000-01-01T00:00:00Z, 517349, 2.63
2000-01-01T00:00:00Z, 518467, 2.63
2000-01-01T00:00:00Z, 519586, 2.56
2000-01-01T00:00:00Z, 520718, 2.56
2000-01-01T00:00:00Z, 521840, 2.56
2000-01-01T00:00:00Z, 522963, 2.56
2000-01-01T00:00:00Z, 524086, 2.56
2000-01-01T00:00:00Z, 525209, 2.56
2000-01-01T00:00:00Z, 526337, 2.63
2000-01-01T00:00:00Z, 527459, 2.56
2000-01-01T00:00:00Z, 528581, 2.56
2000-01-01T00:00:00Z, 529704, 2.56
2000-01-01T00:00:00Z, 530827, 2.63
2000-01-01T00:00:00Z, 531950, 2.63
2000-01-01T00:00:00Z, 533072, 2.63
2000-01-01T00:00:00Z, 534195, 2.63
2000-01-01T00:00:00Z, 535318, 2.63
2000-01-01T00:00:00Z, 536443, 2.63
2000-01-01T00:00:00Z, 537567, 2.63
2000-01-01T00:00:00Z, 538690, 2.63
2000-01-01T00:00:00Z, 539813, 2.56
2000-01-01T00:00:00Z, 540936, 2.56
2000-01-01T00:00:00Z, 542059, 2.63
2000-01-01T00:00:00Z, 543182, 2.63
2000-01-01T00:00:00Z, 544305, 2.63
2000-01-01T00:00:00Z, 545428, 2.63
2000-01-01T00:00:00Z, 546551, 2.63
2000-01-01T00:00:00Z, 547674, 2.63
2000-01-01T00:00:00Z, 548797, 2.63
2000-01-01T00:00:00Z, 549920, 2.63
2000-01-01T00:00:00Z, 551043, 2.63
2000-01-01T00:00:00Z, 552169, 2.63
2000-01-01T00:00:00Z, 553292, 2.63
2000-01-01T00:00:00Z, 554416, 2.63
2000-01-01T00:00:00Z, 555538, 2.63
2000-01-01T00:00:00Z, 556661, 2.63
2000-01-01T00:00:00Z, 557785, 2.69
2000-01-01T00:00:00Z, 558907, 2.63
2000-01-01T00:00:00Z, 560030, 2.63
2000-01-01T00:00:00Z, 561154, 2.63
2000-01-01T00:00:00Z, 562276, 2.63
2000-01-01T00:00:00Z, 563399, 2.63
2000-01-01T00:00:00Z, 564523, 2.69
2000-01-01T00:00:00Z, 565645, 2.63
2000-01-01T00:00:00Z, 566768, 2.63
2000-01-01T00:00:00Z, 567891, 2.56
2000-01-01T00:00:00Z, 569018, 2.69
2000-01-01T00:00:00Z, 570145, 2.63
2000-01-01T00:00:00Z, 571269, 2.63
2000-01-01T00:00:00Z, 572392, 2.69
2000-01-01T00:00:00Z, 573514, 2.63
2000-01-01T00:00:00Z, 574638, 2.63
2000-01-01T00:00:00Z, 575761, 2.63
2000-01-01T00:00:00Z, 576884, 2.63
2000-01-01T00:00:00Z, 578008, 2.63
2000-01-01T00:00:00Z, 579130, 2.63
2000-01-01T00:00:00Z, 580253, 2.69
2000-01-01T00:00:00Z, 581377, 2.63
2000-01-01T00:00:00Z, 582500, 2.56
2000-01-01T00:00:00Z, 583622, 2.63
2000-01-01T00:00:00Z, 584749, 2.63
2000-01-01T00:00:00Z, 585872, 2.63
2000-01-01T00:00:00Z, 586995, 2.63
2000-01-01T00:00:00Z, 588118, 2.63
2000-01-01T00:00:00Z, 589241, 2.63
2000-01-01T00:00:00Z, 590364, 2.69
2000-01-01T00:00:00Z, 591486, 2.63
2000-01-01T00:00:00Z, 592610, 2.63
2000-01-01T00:00:00Z, 593733, 2.63
2000-01-01T00:00:00Z, 594855, 2.63
2000-01-01T00:00:00Z, 595979, 2.63
2000-01-01T00:00:00Z, 597102, 2.63
2000-01-01T00:00:00Z, 598224, 2.56
2000-01-01T00:00:00Z, 599348, 2.63
2000-01-01T00:00:00Z, 600474, 2.63
2000-01-01T00:00:00Z, 601597, 2.63
2000-01-01T00:00:00Z, 602720, 2.63
2000-01-01T00:00:00Z, 603843, 2.63
2000-01-01T00:00:00Z, 604966, 2.63
2000-01-01T00:00:00Z, 606089, 2.63
2000-01-01T00:00:00Z, 607212, 2.63
2000-01-01T00:00:00Z, 608335, 2.63
2000-01-01T00:00:00Z, 609458, 2.56
2000-01-01T00:00:00Z, 610581, 2.63
2000-01-01T00:00:00Z, 611704, 2.63
2000-01-01T00:00:00Z, 612827, 2.63
2000-01-01T00:00:00Z, 613955, 2.63
2000-01-01T00:00:00Z, 615078, 2.63
2000-01-01T00:00:00Z, 616204, 2.63
2000-01-01T00:00:00Z, 617327, 2.63
2000-01-01T00:00:00Z, 618450, 2.63
2000-01-01T00:00:00Z, 619574, 2.69
2000-01-01T00:00:00Z, 620697, 2.63
2000-01-01T00:00:00Z, 621819, 2.63
2000-01-01T00:00:00Z, 622943, 2.63
2000-01-01T00:00:00Z, 624066, 2.63
2000-01-01T00:00:00Z, 625189, 2.63
2000-01-01T00:00:00Z, 626312, 2.63
2000-01-01T00:00:00Z, 627435, 2.63
2000-01-01T00:00:00Z, 628558, 2.63
2000-01-01T00:00:00Z, 629682, 2.63
2000-01-01T00:00:00Z, 630804, 2.63
2000-01-01T00:00:00Z, 631927, 2.63
2000-01-01T00:00:00Z, 633048, 2.63
2000-01-01T00:00:00Z, 634171, 2.63
2000-01-01T00:00:00Z, 635293, 2.63
2000-01-01T00:00:00Z, 636416, 2.63
2000-01-01T00:00:00Z, 637538, 2.63
2000-01-01T00:00:00Z, 638661, 2.63
2000-01-01T00:00:00Z, 639783, 2.63
2000-01-01T00:00:00Z, 640906, 2.63
2000-01-01T00:00:00Z, 642029, 2.63
2000-01-01T00:00:00Z, 643151, 2.63
2000-01-01T00:00:00Z, 644274, 2.63
2000-01-01T00:00:00Z, 645396, 2.56
2000-01-01T00:00:00Z, 646519, 2.63
2000-01-01T00:00:00Z, 647642, 2.63
2000-01-01T00:00:00Z, 648770, 2.63
2000-01-01T00:00:00Z, 649893, 2.63
2000-01-01T00:00:00Z, 651018, 2.63
2000-01-01T00:00:00Z, 652141, 2.63
2000-01-01T00:00:00Z, 653265, 2.63
2000-01-01T00:00:00Z, 654390, 2.63
2000-01-01T00:00:00Z, 655513, 2.63
2000-01-01T00:00:00Z, 656637, 2.63
2000-01-01T00:00:00Z, 657762, 2.56
2000-01-01T00:00:00Z, 658890, 2.63
2000-01-01T00:00:00Z, 660014, 2.63
2000-01-01T00:00:00Z, 661138, 2.63
2000-01-01T00:00:00Z, 662262, 2.63
2000-01-01T00:00:00Z, 663387, 2.63
2000-01-01T00:00:00Z, 664514, 2.63
2000-01-01T00:00:00Z, 665638, 2.63
2000-01-01T00:00:00Z, 666763, 2.63
2000-01-01T00:00:00Z, 667887, 2.63
2000-01-01T00:00:00Z, 669011, 2.63
2000-01-01T00:00:00Z, 670136, 2.63
2000-01-01T00:00:00Z, 671260, 2.63
2000-01-01T00:00:00Z, 672385, 2.63
2000-01-01T00:00:00Z, 673509, 2.63
2000-01-01T00:00:00Z, 674633, 2.63
2000-01-01T00:00:00Z, 675758, 2.63
2000-01-01T00:00:00Z, 676882, 2.63
2000-01-01T00:00:00Z, 678006, 2.63
2000-01-01T00:00:00Z, 679131, 2.63
2000-01-01T00:00:00Z, 680258, 2.63
2000-01-01T00:00:00Z, 681382, 2.63
2000-01-01T00:00:00Z, 682507, 2.63
2000-01-01T00:00:00Z, 683631, 2.63
2000-01-01T00:00:00Z, 684755, 2.63
2000-01-01T00:00:00Z, 685880, 2.69
2000-01-01T00:00:00Z, 687004, 2.63
2000-01-01T00:00:00Z, 688129, 2.69
2000-01-01T00:00:00Z, 689253, 2.63
2000-01-01T00:00:00Z, 690377, 2.63
2000-01-01T00:00:00Z, 691502, 2.69
2000-01-01T00:00:00Z, 692626, 2.63
2000-01-01T00:00:00Z, 693750, 2.63
2000-01-01T00:00:00Z, 694875, 2.69
2000-01-01T00:00:00Z, 696002, 2.63
2000-01-01T00:00:00Z, 697126, 2.63
2000-01-01T00:00:00Z, 698251, 2.63
2000-01-01T00:00:00Z, 699375, 2.63
2000-01-01T00:00:00Z, 700499, 2.69
2000-01-01T00:00:00Z, 701624, 2.69
2000-01-01T00:00:00Z, 702753, 2.69
2000-01-01T00:00:00Z, 703877, 2.63
2000-01-01T00:00:00Z, 705002, 2.63
2000-01-01T00:00:00Z, 706126, 2.63
2000-01-01T00:00:00Z, 707251, 2.63
2000-01-01T00:00:00Z, 708375, 2.69
2000-01-01T00:00:00Z, 709499, 2.69
2000-01-01T00:00:00Z, 710624, 2.69
2000-01-01T00:00:00Z, 711748, 2.69
2000-01-01T00:00:00Z, 712876, 2.69
2000-01-01T00:00:00Z, 714000, 2.69
2000-01-01T00:00:00Z, 715124, 2.69
2000-01-01T00:00:00Z, 716249, 2.69
2000-01-01T00:00:00Z, 717373, 2.81
2000-01-01T00:00:00Z, 718497, 2.69
2000-01-01T00:00:00Z, 719622, 2.75
2000-01-01T00:00:00Z, 720747, 2.69
2000-01-01T00:00:00Z, 721871, 2.69
2000-01-01T00:00:00Z, 722996, 2.69
2000-01-01T00:00:00Z, 724120, 2.69
2000-01-01T00:00:00Z, 725244, 2.75
2000-01-01T00:00:00Z, 726369, 2.75
2000-01-01T00:00:00Z, 727493, 2.69
2000-01-01T00:00:00Z, 728621, 2.69
2000-01-01T00:00:00Z, 729745, 2.69
2000-01-01T00:00:00Z, 730869, 2.75
2000-01-01T00:00:00Z, 731994, 2.75
2000-01-01T00:00:00Z, 733118, 2.75
2000-01-01T00:00:00Z, 734242, 2.75
2000-01-01T00:00:00Z, 735367, 2.75
2000-01-01T00:00:00Z, 736491, 2.75
2000-01-01T00:00:00Z, 737615, 2.75
2000-01-01T00:00:00Z, 738740, 2.75
2000-01-01T00:00:00Z, 739864, 2.81
2000-01-01T00:00:00Z, 740988, 2.75
2000-01-01T00:00:00Z, 742113, 2.81
2000-01-01T00:00:00Z, 743237, 2.75
2000-01-01T00:00:00Z, 744365, 2.75
2000-01-01T00:00:00Z, 745489, 2.75
2000-01-01T00:00:00Z, 746618, 2.75
2000-01-01T00:00:00Z, 747743, 2.81
2000-01-01T00:00:00Z, 748867, 2.81
2000-01-01T00:00:00Z, 749991, 2.81
2000-01-01T00:00:00Z, 751116, 2.81
2000-01-01T00:00:00Z, 752240, 2.88
2000-01-01T00:00:00Z, 753364, 2.88
2000-01-01T00:00:00Z, 754489, 2.81
2000-01-01T00:00:00Z, 755613, 2.88
2000-01-01T00:00:00Z, 756738, 2.81
2000-01-01T00:00:00Z, 757862, 2.88
2000-01-01T00:00:00Z, 758986, 2.94
2000-01-01T00:00:00Z, 760114, 2.94
2000-01-01T00:00:00Z, 761238, 2.94
2000-01-01T00:00:00Z, 762362, 2.94
2000-01-01T00:00:00Z, 763486, 2.88
2000-01-01T00:00:00Z, 764610, 2.88
2000-01-01T00:00:00Z, 765733, 2.88
2000-01-01T00:00:00Z, 766858, 2.94
2000-01-01T00:00:00Z, 767982, 2.94
2000-01-01T00:00:00Z, 769105, 2.88
2000-01-01T00:00:00Z, 770230, 2.94
2000-01-01T00:00:00Z, 771354, 2.88
2000-01-01T00:00:00Z, 772477, 2.94
2000-01-01T00:00:00Z, 773602, 2.94
2000-01-01T00:00:00Z, 774725, 2.94
2000-01-01T00:00:00Z, 775849, 2.94
2000-01-01T00:00:00Z, 776974, 2.94
2000-01-01T00:00:00Z, 778093, 2.94
2000-01-01T00:00:00Z, 779212, 2.94
2000-01-01T00:00:00Z, 780331, 2.94
2000-01-01T00:00:00Z, 781450, 3.00
2000-01-01T00:00:00Z, 782569, 3.00
2000-01-01T00:00:00Z, 783687, 3.00
2000-01-01T00:00:00Z, 784806, 3.00
2000-01-01T00:00:00Z, 785926, 3.00
2000-01-01T00:00:00Z, 787045, 3.00
2000-01-01T00:00:00Z, 788163, 3.00
2000-01-01T00:00:00Z, 789282, 3.00
2000-01-01T00:00:00Z, 790402, 3.00
2000-01-01T00:00:00Z, 791526, 3.00
2000-01-01T00:00:00Z, 792643, 3.00
2000-01-01T00:00:00Z, 793762, 3.06
2000-01-01T00:00:00Z, 794882, 3.06
2000-01-01T00:00:00Z, 796001, 3.06
2000-01-01T00:00:00Z, 797120, 3.06
2000-01-01T00:00:00Z, 798240, 3.06
2000-01-01T00:00:00Z, 799360, 3.06
2000-01-01T00:00:00Z, 800479, 3.06
2000-01-01T00:00:00Z, 801598, 3.06
2000-01-01T00:00:00Z, 802717, 3.06
2000-01-01T00:00:00Z, 803836, 3.06
2000-01-01T00:00:00Z, 804957, 3.06
2000-01-01T00:00:00Z, 806076, 3.06
2000-01-01T00:00:00Z, 807195, 3.13
2000-01-01T00:00:00Z, 808317, 3.06
2000-01-01T00:00:00Z, 809437, 3.13
2000-01-01T00:00:00Z, 810556, 3.13
2000-01-01T00:00:00Z, 811675, 3.13
2000-01-01T00:00:00Z, 812794, 3.13
2000-01-01T00:00:00Z, 813914, 3.13
2000-01-01T00:00:00Z, 815034, 3.13
2000-01-01T00:00:00Z, 816153, 3.19
2000-01-01T00:00:00Z, 817272, 3.19
2000-01-01T00:00:00Z, 818392, 3.13
2000-01-01T00:00:00Z, 819511, 3.13
2000-01-01T00:00:00Z, 820630, 3.13
2000-01-01T00:00:00Z, 821749, 3.19
2000-01-01T00:00:00Z, 822868, 3.19
2000-01-01T00:00:00Z, 823991, 3.19
2000-01-01T00:00:00Z, 825110, 3.19
2000-01-01T00:00:00Z, 826229, 3.25
2000-01-01T00:00:00Z, 827350, 3.19
2000-01-01T00:00:00Z, 828469, 3.19
2000-01-01T00:00:00Z, 829588, 3.25
2000-01-01T00:00:00Z, 830707, 3.19
2000-01-01T00:00:00Z, 831826, 3.25
2000-01-01T00:00:00Z, 832946, 3.25
2000-01-01T00:00:00Z, 834065, 3.25
2000-01-01T00:00:00Z, 835189, 3.25
2000-01-01T00:00:00Z, 836308, 3.31
2000-01-01T00:00:00Z, 837429, 3.31
2000-01-01T00:00:00Z, 838548, 3.25
2000-01-01T00:00:00Z, 839670, 3.31
2000-01-01T00:00:00Z, 840790, 3.31
2000-01-01T00:00:00Z, 841909, 3.31
2000-01-01T00:00:00Z, 843028, 3.31
2000-01-01T00:00:00Z, 844148, 3.31
2000-01-01T00:00:00Z, 845267, 3.38
2000-01-01T00:00:00Z, 846387, 3.38
2000-01-01T00:00:00Z, 847506, 3.38
2000-01-01T00:00:00Z, 848625, 3.38
2000-01-01T00:00:00Z, 849744, 3.38
2000-01-01T00:00:00Z, 850864, 3.38
2000-01-01T00:00:00Z, 851984, 3.38
2000-01-01T00:00:00Z, 853103, 3.44
2000-01-01T00:00:00Z, 854222, 3.44
2000-01-01T00:00:00Z, 855342, 3.38
2000-01-01T00:00:00Z, 856464, 3.44
2000-01-01T00:00:00Z, 857583, 3.38
2000-01-01T00:00:00Z, 858702, 3.44
2000-01-01T00:00:00Z, 859822, 3.44
2000-01-01T00:00:00Z, 860941, 3.44
2000-01-01T00:00:00Z, 862060, 3.44
2000-01-01T00:00:00Z, 863180, 3.50
2000-01-01T00:00:00Z, 864300, 3.50
2000-01-01T00:00:00Z, 865419, 3.56
2000-01-01T00:00:00Z, 866538, 3.50
2000-01-01T00:00:00Z, 867657, 3.50
2000-01-01T00:00:00Z, 868776, 3.56
2000-01-01T00:00:00Z, 869896, 3.56
2000-01-01T00:00:00Z, 871015, 3.56
2000-01-01T00:00:00Z, 872137, 3.56
2000-01-01T00:00:00Z, 873256, 3.56
2000-01-01T00:00:00Z, 874376, 3.56
2000-01-01T00:00:00Z, 875495, 3.56
2000-01-01T00:00:00Z, 876614, 3.56
2000-01-01T00:00:00Z, 877733, 3.63
2000-01-01T00:00:00Z, 878859, 3.56
2000-01-01T00:00:00Z, 879978, 3.63
2000-01-01T00:00:00Z, 881097, 3.63
2000-01-01T00:00:00Z, 882216, 3.63
2000-01-01T00:00:00Z, 883336, 3.63
2000-01-01T00:00:00Z, 884456, 3.63
2000-01-01T00:00:00Z, 885575, 3.63
2000-01-01T00:00:00Z, 886694, 3.69
2000-01-01T00:00:00Z, 887817, 3.69
2000-01-01T00:00:00Z, 888936, 3.69
2000-01-01T00:00:00Z, 890055, 3.69
2000-01-01T00:00:00Z, 891173, 3.69
2000-01-01T00:00:00Z, 892293, 3.69
2000-01-01T00:00:00Z, 893412, 3.69
2000-01-01T00:00:00Z, 894531, 3.69
2000-01-01T00:00:00Z, 895649, 3.69
2000-01-01T00:00:00Z, 896769, 3.69
2000-01-01T00:00:00Z, 897888, 3.75
2000-01-01T00:00:00Z, 899007, 3.75
2000-01-01T00:00:00Z, 900126, 3.75
2000-01-01T00:00:00Z, 901244, 3.75
2000-01-01T00:00:00Z, 902364, 3.75
2000-01-01T00:00:00Z, 903495, 3.75
2000-01-01T00:00:00Z, 904619, 3.81
2000-01-01T00:00:00Z, 905741, 3.81
2000-01-01T00:00:00Z, 906864, 3.81
2000-01-01T00:00:00Z, 907986, 3.81
2000-01-01T00:00:00Z, 909110, 3.81
2000-01-01T00:00:00Z, 910232, 3.88
2000-01-01T00:00:00Z, 911355, 3.88
2000-01-01T00:00:00Z, 912478, 3.88
2000-01-01T00:00:00Z, 913601, 3.88
2000-01-01T00:00:00Z, 914723, 3.88
2000-01-01T00:00:00Z, 915847, 3.88
2000-01-01T00:00:00Z, 916969, 3.88
2000-01-01T00:00:00Z, 918092, 3.94
2000-01-01T00:00:00Z, 919215, 3.94
2000-01-01T00:00:00Z, 920336, 3.94
2000-01-01T00:00:00Z, 921459, 3.94
2000-01-01T00:00:00Z, 922588, 4.00
2000-01-01T00:00:00Z, 923711, 3.94
2000-01-01T00:00:00Z, 924834, 3.94
2000-01-01T00:00:00Z, 925958, 3.94
2000-01-01T00:00:00Z, 927081, 4.00
2000-01-01T00:00:00Z, 928204, 4.00
2000-01-01T00:00:00Z, 929328, 4.00
2000-01-01T00:00:00Z, 930451, 4.00
2000-01-01T00:00:00Z, 931574, 4.00
2000-01-01T00:00:00Z, 932698, 4.00
2000-01-01T00:00:00Z, 933821, 4.00
2000-01-01T00:00:00Z, 934944, 4.06
2000-01-01T00:00:00Z, 936066, 4.06
2000-01-01T00:00:00Z, 937189, 4.06
2000-01-01T00:00:00Z, 938312, 4.13
2000-01-01T00:00:00Z, 939436, 4.13
2000-01-01T00:00:00Z, 940558, 4.06
2000-01-01T00:00:00Z, 941681, 4.13
2000-01-01T00:00:00Z, 942804, 4.19
2000-01-01T00:00:00Z, 943928, 4.13
2000-01-01T00:00:00Z, 945051, 4.13
2000-01-01T00:00:00Z, 946174, 4.19
2000-01-01T00:00:00Z, 947298, 4.19
2000-01-01T00:00:00Z, 948421, 4.13
2000-01-01T00:00:00Z, 949544, 4.19
2000-01-01T00:00:00Z, 950668, 4.19
2000-01-01T00:00:00Z, 951794, 4.19
2000-01-01T00:00:00Z, 952918, 4.25
2000-01-01T00:00:00Z, 954041, 4.19
2000-01-01T00:00:00Z, 955163, 4.25
2000-01-01T00:00:00Z, 956286, 4.25
2000-01-01T00:00:00Z, 957410, 4.25
2000-01-01T00:00:00Z, 958533, 4.25
2000-01-01T00:00:00Z, 959656, 4.31
2000-01-01T00:00:00Z, 960780, 4.31
2000-01-01T00:00:00Z, 961903, 4.31
2000-01-01T00:00:00Z, 963025, 4.31
2000-01-01T00:00:00Z, 964149, 4.31
2000-01-01T00:00:00Z, 965272, 4.31
2000-01-01T00:00:00Z, 966395, 4.38
2000-01-01T00:00:00Z, 967527, 4.31
2000-01-01T00:00:00Z, 968650, 4.38
2000-01-01T00:00:00Z, 969774, 4.31
2000-01-01T00:00:00Z, 970897, 4.38
2000-01-01T00:00:00Z, 972020, 4.38
2000-01-01T00:00:00Z, 973144, 4.38
2000-01-01T00:00:00Z, 974267, 4.44
2000-01-01T00:00:00Z, 975390, 4.44
2000-01-01T00:00:00Z, 976514, 4.44
2000-01-01T00:00:00Z, 977637, 4.44
2000-01-01T00:00:00Z, 978760, 4.44
2000-01-01T00:00:00Z, 979884, 4.44
2000-01-01T00:00:00Z, 981007, 4.50
2000-01-01T00:00:00Z, 982130, 4.50
2000-01-01T00:00:00Z, 983257, 4.50
2000-01-01T00:00:00Z, 984380, 4.50
2000-01-01T00:00:00Z, 985503, 4.50
2000-01-01T00:00:00Z, 986627, 4.56
2000-01-01T00:00:00Z, 987750, 4.56
2000-01-01T00:00:00Z, 988873, 4.50
2000-01-01T00:00:00Z, 989997, 4.56
2000-01-01T00:00:00Z, 991119, 4.63
2000-01-01T00:00:00Z, 992242, 4.63
2000-01-01T00:00:00Z, 993366, 4.63
2000-01-01T00:00:00Z, 994489, 4.63
2000-01-01T00:00:00Z, 995612, 4.63
2000-01-01T00:00:00Z, 996736, 4.63
2000-01-01T00:00:00Z, 997859, 4.63
2000-01-01T00:00:00Z, 998982, 4.69
2000-01-01T00:00:00Z, 1000109, 4.63
2000-01-01T00:00:00Z, 1001232, 4.75
2000-01-01T00:00:00Z, 1002355, 4.69
2000-01-01T00:00:00Z, 1003479, 4.69
2000-01-01T00:00:00Z, 1004602, 4.75
2000-01-01T00:00:00Z, 1005724, 4.75
2000-01-01T00:00:00Z, 1006848, 4.75
2000-01-01T00:00:00Z, 1007971, 4.75
2000-01-01T00:00:00Z, 1009094, 4.75
2000-01-01T00:00:00Z, 1010217, 4.75
2000-01-01T00:00:00Z, 1011346, 4.75
2000-01-01T00:00:00Z, 1012469, 4.75
2000-01-01T00:00:00Z, 1013593, 4.88
2000-01-01T00:00:00Z, 1014719, 4.88
2000-01-01T00:00:00Z, 1015842, 4.81
2000-01-01T00:00:00Z, 1016966, 4.94
2000-01-01T00:00:00Z, 1018088, 4.94
2000-01-01T00:00:00Z, 1019211, 4.94
2000-01-01T00:00:00Z, 1020335, 4.88
2000-01-01T00:00:00Z, 1021458, 4.94
2000-01-01T00:00:00Z, 1022580, 4.94
2000-01-01T00:00:00Z, 1023704, 4.94
2000-01-01T00:00:00Z, 1024826, 4.94
2000-01-01T00:00:00Z, 1025949, 4.94
2000-01-01T00:00:00Z, 1027073, 5.00
2000-01-01T00:00:00Z, 1028195, 5.00
2000-01-01T00:00:00Z, 1029318, 5.00
2000-01-01T00:00:00Z, 1030454, 5.00
2000-01-01T00:00:00Z, 1031578, 5.00
2000-01-01T00:00:00Z, 1032702, 5.00
2000-01-01T00:00:00Z, 1033827, 5.06
2000-01-01T00:00:00Z, 1034951, 5.06
2000-01-01T00:00:00Z, 1036075, 5.06
2000-01-01T00:00:00Z, 1037199, 5.06
2000-01-01T00:00:00Z, 1038323, 5.06
2000-01-01T00:00:00Z, 1039448, 5.13
2000-01-01T00:00:00Z, 1040572, 5.13
2000-01-01T00:00:00Z, 1041696, 5.13
2000-01-01T00:00:00Z, 1042821, 5.13
2000-01-01T00:00:00Z, 1043944, 5.13
2000-01-01T00:00:00Z, 1045068, 5.13
2000-01-01T00:00:00Z, 1046197, 5.19
2000-01-01T00:00:00Z, 1047321, 5.19
2000-01-01T00:00:00Z, 1048445, 5.19
2000-01-01T00:00:00Z, 1049570, 5.19
2000-01-01T00:00:00Z, 1050694, 5.25
2000-01-01T00:00:00Z, 1051820, 5.25
2000-01-01T00:00:00Z, 1052944, 5.25
2000-01-01T00:00:00Z, 1054068, 5.25
2000-01-01T00:00:00Z, 1055198, 5.25
2000-01-01T00:00:00Z, 1056322, 5.31
2000-01-01T00:00:00Z, 1057447, 5.31
2000-01-01T00:00:00Z, 1058572, 5.31
2000-01-01T00:00:00Z, 1059696, 5.31
2000-01-01T00:00:00Z, 1060822, 5.38
2000-01-01T00:00:00Z, 1061949, 5.38
2000-01-01T00:00:00Z, 1063074, 5.38
2000-01-01T00:00:00Z, 1064199, 5.44
2000-01-01T00:00:00Z, 1065324, 5.38
2000-01-01T00:00:00Z, 1066448, 5.44
2000-01-01T00:00:00Z, 1067573, 5.44
2000-01-01T00:00:00Z, 1068698, 5.44
2000-01-01T00:00:00Z, 1069822, 5.44
2000-01-01T00:00:00Z, 1070947, 5.44
2000-01-01T00:00:00Z, 1072071, 5.44
2000-01-01T00:00:00Z, 1073197, 5.44
2000-01-01T00:00:00Z, 1074321, 5.50
2000-01-01T00:00:00Z, 1075445, 5.50
2000-01-01T00:00:00Z, 1076570, 5.50
2000-01-01T00:00:00Z, 1077698, 5.50
2000-01-01T00:00:00Z, 1078822, 5.56
2000-01-01T00:00:00Z, 1079948, 5.56
2000-01-01T00:00:00Z, 1081072, 5.56
2000-01-01T00:00:00Z, 1082196, 5.56
2000-01-01T00:00:00Z, 1083321, 5.63
2000-01-01T00:00:00Z, 1084446, 5.63
2000-01-01T00:00:00Z, 1085571, 5.63
2000-01-01T00:00:00Z, 1086695, 5.63
2000-01-01T00:00:00Z, 1087819, 5.63
2000-01-01T00:00:00Z, 1088944, 5.63
2000-01-01T00:00:00Z, 1090069, 5.69
2000-01-01T00:00:00Z, 1091193, 5.69
2000-01-01T00:00:00Z, 1092318, 5.69
2000-01-01T00:00:00Z, 1093446, 5.69
2000-01-01T00:00:00Z, 1094571, 5.75
2000-01-01T00:00:00Z, 1095695, 5.75
2000-01-01T00:00:00Z, 1096819, 5.69
2000-01-01T00:00:00Z, 1097944, 5.75
2000-01-01T00:00:00Z, 1099069, 5.75
2000-01-01T00:00:00Z, 1100198, 5.81
2000-01-01T00:00:00Z, 1101323, 5.81
2000-01-01T00:00:00Z, 1102447, 5.75
2000-01-01T00:00:00Z, 1103572, 5.75
2000-01-01T00:00:00Z, 1104697, 5.75
2000-01-01T00:00:00Z, 1105822, 5.81
2000-01-01T00:00:00Z, 1106947, 5.75
2000-01-01T00:00:00Z, 1108071, 5.81
2000-01-01T00:00:00Z, 1109194, 5.88
2000-01-01T00:00:00Z, 1110319, 5.88
2000-01-01T00:00:00Z, 1111443, 5.94
2000-01-01T00:00:00Z, 1112568, 5.88
2000-01-01T00:00:00Z, 1113693, 5.94
2000-01-01T00:00:00Z, 1114817, 5.94
2000-01-01T00:00:00Z, 1115942, 5.94
2000-01-01T00:00:00Z, 1117067, 5.88
2000-01-01T00:00:00Z, 1118191, 5.94
2000-01-01T00:00:00Z, 1119315, 5.94
2000-01-01T00:00:00Z, 1120441, 6.00
2000-01-01T00:00:00Z, 1121565, 5.94
2000-01-01T00:00:00Z, 1122690, 6.00
2000-01-01T00:00:00Z, 1123818, 6.00
2000-01-01T00:00:00Z, 1124942, 6.06
2000-01-01T00:00:00Z, 1126067, 6.06
2000-01-01T00:00:00Z, 1127192, 6.06
2000-01-01T00:00:00Z, 1128316, 6.06
2000-01-01T00:00:00Z, 1129441, 6.13
2000-01-01T00:00:00Z, 1130565, 6.06
2000-01-01T00:00:00Z, 1131689, 6.13
2000-01-01T00:00:00Z, 1132815, 6.13
2000-01-01T00:00:00Z, 1133939, 6.13
2000-01-01T00:00:00Z, 1135064, 6.19
2000-01-01T00:00:00Z, 1136188, 6.19
2000-01-01T00:00:00Z, 1137313, 6.19
2000-01-01T00:00:00Z, 1138438, 6.25
2000-01-01T00:00:00Z, 1139565, 6.25
2000-01-01T00:00:00Z, 1140689, 6.25
2000-01-01T00:00:00Z, 1141814, 6.31
2000-01-01T00:00:00Z, 1142938, 6.25
2000-01-01T00:00:00Z, 1144073, 6.25
2000-01-01T00:00:00Z, 1145197, 6.25
2000-01-01T00:00:00Z, 1146321, 6.25
2000-01-01T00:00:00Z, 1147446, 6.25
2000-01-01T00:00:00Z, 1148570, 6.31
2000-01-01T00:00:00Z, 1149694, 6.31
2000-01-01T00:00:00Z, 1150819, 6.31
2000-01-01T00:00:00Z, 1151943, 6.31
2000-01-01T00:00:00Z, 1153068, 6.31
2000-01-01T00:00:00Z, 1154192, 6.38
2000-01-01T00:00:00Z, 1155328, 6.38
2000-01-01T00:00:00Z, 1156447, 6.38
2000-01-01T00:00:00Z, 1157566, 6.38
2000-01-01T00:00:00Z, 1158685, 6.38
2000-01-01T00:00:00Z, 1159804, 6.44
2000-01-01T00:00:00Z, 1160924, 6.44
2000-01-01T00:00:00Z, 1162043, 6.44
2000-01-01T00:00:00Z, 1163162, 6.44
2000-01-01T00:00:00Z, 1164281, 6.44
2000-01-01T00:00:00Z, 1165401, 6.50
2000-01-01T00:00:00Z, 1166520, 6.50
2000-01-01T00:00:00Z, 1167639, 6.50
2000-01-01T00:00:00Z, 1168758, 6.50
2000-01-01T00:00:00Z, 1169878, 6.50
2000-01-01T00:00:00Z, 1171000, 6.56
2000-01-01T00:00:00Z, 1172119, 6.56
2000-01-01T00:00:00Z, 1173238, 6.56
2000-01-01T00:00:00Z, 1174359, 6.63
2000-01-01T00:00:00Z, 1175478, 6.63
2000-01-01T00:00:00Z, 1176597, 6.63
2000-01-01T00:00:00Z, 1177717, 6.63
2000-01-01T00:00:00Z, 1178836, 6.63
2000-01-01T00:00:00Z, 1179956, 6.69
2000-01-01T00:00:00Z, 1181076, 6.69
2000-01-01T00:00:00Z, 1182195, 6.69
2000-01-01T00:00:00Z, 1183314, 6.75
2000-01-01T00:00:00Z, 1184435, 6.69
2000-01-01T00:00:00Z, 1185554, 6.75
2000-01-01T00:00:00Z, 1186671, 6.75
2000-01-01T00:00:00Z, 1187796, 6.75
2000-01-01T00:00:00Z, 1188916, 6.69
2000-01-01T00:00:00Z, 1190036, 6.75
2000-01-01T00:00:00Z, 1191155, 6.75
2000-01-01T00:00:00Z, 1192274, 6.75
2000-01-01T00:00:00Z, 1193395, 6.81
2000-01-01T00:00:00Z, 1194514, 6.81
2000-01-01T00:00:00Z, 1195634, 6.81
2000-01-01T00:00:00Z, 1196753, 6.88
2000-01-01T00:00:00Z, 1197874, 6.88
2000-01-01T00:00:00Z, 1198993, 6.88
2000-01-01T00:00:00Z, 1200112, 6.88
2000-01-01T00:00:00Z, 1201232, 6.88
2000-01-01T00:00:00Z, 1202355, 6.88
2000-01-01T00:00:00Z, 1203474, 6.94
2000-01-01T00:00:00Z, 1204594, 6.94
2000-01-01T00:00:00Z, 1205713, 6.88
2000-01-01T00:00:00Z, 1206833, 6.94
2000-01-01T00:00:00Z, 1207953, 6.94
2000-01-01T00:00:00Z, 1209072, 6.94
2000-01-01T00:00:00Z, 1210191, 7.00
2000-01-01T00:00:00Z, 1211312, 6.94
2000-01-01T00:00:00Z, 1212431, 7.00
2000-01-01T00:00:00Z, 1213550, 7.00
2000-01-01T00:00:00Z, 1214670, 7.06
2000-01-01T00:00:00Z, 1215790, 7.06
2000-01-01T00:00:00Z, 1216912, 7.13
2000-01-01T00:00:00Z, 1218032, 7.13
2000-01-01T00:00:00Z, 1219151, 7.19
2000-01-01T00:00:00Z, 1220271, 7.19
2000-01-01T00:00:00Z, 1221391, 7.19
2000-01-01T00:00:00Z, 1222510, 7.19
2000-01-01T00:00:00Z, 1223629, 7.25
2000-01-01T00:00:00Z, 1224750, 7.25
2000-01-01T00:00:00Z, 1225869, 7.25
2000-01-01T00:00:00Z, 1226988, 7.25
2000-01-01T00:00:00Z, 1228108, 7.25
2000-01-01T00:00:00Z, 1229228, 7.31
2000-01-01T00:00:00Z, 1230347, 7.25
2000-01-01T00:00:00Z, 1231467, 7.31
2000-01-01T00:00:00Z, 1232594, 7.31
2000-01-01T00:00:00Z, 1233715, 7.31
2000-01-01T00:00:00Z, 1234834, 7.38
2000-01-01T00:00:00Z, 1235953, 7.31
2000-01-01T00:00:00Z, 1237073, 7.38
2000-01-01T00:00:00Z, 1238193, 7.38
2000-01-01T00:00:00Z, 1239313, 7.44
2000-01-01T00:00:00Z, 1240432, 7.38
2000-01-01T00:00:00Z, 1241551, 7.38
2000-01-01T00:00:00Z, 1242672, 7.38
2000-01-01T00:00:00Z, 1243791, 7.44
2000-01-01T00:00:00Z, 1244911, 7.44
2000-01-01T00:00:00Z, 1246030, 7.50
2000-01-01T00:00:00Z, 1247150, 7.50
2000-01-01T00:00:00Z, 1248273, 7.56
2000-01-01T00:00:00Z, 1249392, 7.50
2000-01-01T00:00:00Z, 1250511, 7.50
2000-01-01T00:00:00Z, 1251632, 7.56
2000-01-01T00:00:00Z, 1252751, 7.56
2000-01-01T00:00:00Z, 1253871, 7.56
2000-01-01T00:00:00Z, 1254990, 7.63
2000-01-01T00:00:00Z, 1256110, 7.69
2000-01-01T00:00:00Z, 1257230, 7.63
2000-01-01T00:00:00Z, 1258349, 7.69
2000-01-01T00:00:00Z, 1259468, 7.63
2000-01-01T00:00:00Z, 1260589, 7.69
2000-01-01T00:00:00Z, 1261708, 7.69
2000-01-01T00:00:00Z, 1262827, 7.69
2000-01-01T00:00:00Z, 1263949, 7.75
2000-01-01T00:00:00Z, 1265069, 7.69
2000-01-01T00:00:00Z, 1266188, 7.81
2000-01-01T00:00:00Z, 1267307, 7.69
2000-01-01T00:00:00Z, 1268426, 7.75
2000-01-01T00:00:00Z, 1269545, 7.75
2000-01-01T00:00:00Z, 1270665, 7.81
2000-01-01T00:00:00Z, 1271784, 7.81
2000-01-01T00:00:00Z, 1272903, 7.81
2000-01-01T00:00:00Z, 1274022, 7.88
2000-01-01T00:00:00Z, 1275142, 7.88
2000-01-01T00:00:00Z, 1276266, 7.94
2000-01-01T00:00:00Z, 1277385, 7.94
2000-01-01T00:00:00Z, 1278504, 7.94
2000-01-01T00:00:00Z, 1279639, 8.00
2000-01-01T00:00:00Z, 1280761, 8.00
2000-01-01T00:00:00Z, 1281885, 8.00
2000-01-01T00:00:00Z, 1283008, 7.94
2000-01-01T00:00:00Z, 1284131, 8.00
2000-01-01T00:00:00Z, 1285255, 8.00
2000-01-01T00:00:00Z, 1286378, 8.00
2000-01-01T00:00:00Z, 1287501, 8.00
2000-01-01T00:00:00Z, 1288625, 8.06
2000-01-01T00:00:00Z, 1289747, 8.00
2000-01-01T00:00:00Z, 1290870, 8.06
2000-01-01T00:00:00Z, 1291994, 8.06
2000-01-01T00:00:00Z, 1293117, 8.06
2000-01-01T00:00:00Z, 1294239, 8.06
2000-01-01T00:00:00Z, 1295367, 8.06
2000-01-01T00:00:00Z, 1296490, 8.13
2000-01-01T00:00:00Z, 1297613, 8.13
2000-01-01T00:00:00Z, 1298737, 8.13
2000-01-01T00:00:00Z, 1299860, 8.19
2000-01-01T00:00:00Z, 1300984, 8.19
2000-01-01T00:00:00Z, 1302108, 8.19
2000-01-01T00:00:00Z, 1303231, 8.19
2000-01-01T00:00:00Z, 1304354, 8.25
2000-01-01T00:00:00Z, 1305478, 8.19
2000-01-01T00:00:00Z, 1306601, 8.19
2000-01-01T00:00:00Z, 1307725, 8.31
2000-01-01T00:00:00Z, 1308849, 8.31
2000-01-01T00:00:00Z, 1309975, 8.31
2000-01-01T00:00:00Z, 1311098, 8.38
2000-01-01T00:00:00Z, 1312222, 8.31
2000-01-01T00:00:00Z, 1313346, 8.31
2000-01-01T00:00:00Z, 1314469, 8.38
2000-01-01T00:00:00Z, 1315593, 8.44
2000-01-01T00:00:00Z, 1316716, 8.44
2000-01-01T00:00:00Z, 1317839, 8.44
2000-01-01T00:00:00Z, 1318963, 8.44
2000-01-01T00:00:00Z, 1320091, 8.44
2000-01-01T00:00:00Z, 1321214, 8.44
2000-01-01T00:00:00Z, 1322339, 8.44
2000-01-01T00:00:00Z, 1323462, 8.50
2000-01-01T00:00:00Z, 1324585, 8.50
2000-01-01T00:00:00Z, 1325713, 8.50
2000-01-01T00:00:00Z, 1326836, 8.56
2000-01-01T00:00:00Z, 1327960, 8.56
2000-01-01T00:00:00Z, 1329084, 8.56
2000-01-01T00:00:00Z, 1330207, 8.56
2000-01-01T00:00:00Z, 1331331, 8.56
2000-01-01T00:00:00Z, 1332454, 8.56
2000-01-01T00:00:00Z, 1333577, 8.63
2000-01-01T00:00:00Z, 1334702, 8.69
2000-01-01T00:00:00Z, 1335825, 8.63
2000-01-01T00:00:00Z, 1336948, 8.69
2000-01-01T00:00:00Z, 1338072, 8.69
2000-01-01T00:00:00Z, 1339196, 8.69
2000-01-01T00:00:00Z, 1340319, 8.69
2000-01-01T00:00:00Z, 1341446, 8.69
2000-01-01T00:00:00Z, 1342569, 8.69
2000-01-01T00:00:00Z, 1343692, 8.69
2000-01-01T00:00:00Z, 1344817, 8.69
2000-01-01T00:00:00Z, 1345940, 8.75
2000-01-01T00:00:00Z, 1347063, 8.69
2000-01-01T00:00:00Z, 1348187, 8.75
2000-01-01T00:00:00Z, 1349310, 8.75
2000-01-01T00:00:00Z, 1350434, 8.75
2000-01-01T00:00:00Z, 1351558, 8.75
2000-01-01T00:00:00Z, 1352681, 8.81
2000-01-01T00:00:00Z, 1353804, 8.81
2000-01-01T00:00:00Z, 1354928, 8.81
2000-01-01T00:00:00Z, 1356052, 8.81
2000-01-01T00:00:00Z, 1357173, 8.88
2000-01-01T00:00:00Z, 1358297, 8.88
2000-01-01T00:00:00Z, 1359420, 8.88
2000-01-01T00:00:00Z, 1360543, 8.88
2000-01-01T00:00:00Z, 1361667, 8.94
2000-01-01T00:00:00Z, 1362791, 8.94
2000-01-01T00:00:00Z, 1363914, 9.00
2000-01-01T00:00:00Z, 1365043, 9.00
2000-01-01T00:00:00Z, 1366166, 9.00
2000-01-01T00:00:00Z, 1367290, 9.06
2000-01-01T00:00:00Z, 1368414, 9.06
2000-01-01T00:00:00Z, 1369537, 9.06
2000-01-01T00:00:00Z, 1370660, 9.06
2000-01-01T00:00:00Z, 1371785, 9.13
2000-01-01T00:00:00Z, 1372906, 9.13
2000-01-01T00:00:00Z, 1374029, 9.13
2000-01-01T00:00:00Z, 1375154, 9.13
2000-01-01T00:00:00Z, 1376277, 9.13
2000-01-01T00:00:00Z, 1377400, 9.19
2000-01-01T00:00:00Z, 1378525, 9.19
2000-01-01T00:00:00Z, 1379648, 9.25
2000-01-01T00:00:00Z, 1380771, 9.25
2000-01-01T00:00:00Z, 1381895, 9.25
2000-01-01T00:00:00Z, 1383018, 9.25
2000-01-01T00:00:00Z, 1384142, 9.25
2000-01-01T00:00:00Z, 1385266, 9.31
2000-01-01T00:00:00Z, 1386389, 9.25
2000-01-01T00:00:00Z, 1387512, 9.31
2000-01-01T00:00:00Z, 1388639, 9.31
2000-01-01T00:00:00Z, 1389762, 9.38
2000-01-01T00:00:00Z, 1390885, 9.31
2000-01-01T00:00:00Z, 1392009, 9.31
2000-01-01T00:00:00Z, 1393132, 9.31
2000-01-01T00:00:00Z, 1394255, 9.31
2000-01-01T00:00:00Z, 1395378, 9.31
2000-01-01T00:00:00Z, 1396501, 9.38
2000-01-01T00:00:00Z, 1397624, 9.38
2000-01-01T00:00:00Z, 1398748, 9.44
2000-01-01T00:00:00Z, 1399871, 9.44
2000-01-01T00:00:00Z, 1400994, 9.44
2000-01-01T00:00:00Z, 1402117, 9.44
2000-01-01T00:00:00Z, 1403253, 9.44
2000-01-01T00:00:00Z, 1404378, 9.44
2000-01-01T00:00:00Z, 1405502, 9.44
2000-01-01T00:00:00Z, 1406626, 9.50
2000-01-01T00:00:00Z, 1407751, 9.44
2000-01-01T00:00:00Z, 1408880, 9.50
2000-01-01T00:00:00Z, 1410004, 9.56
2000-01-01T00:00:00Z, 1411129, 9.50
2000-01-01T00:00:00Z, 1412254, 9.56
2000-01-01T00:00:00Z, 1413379, 9.56
2000-01-01T00:00:00Z, 1414503, 9.56
2000-01-01T00:00:00Z, 1415628, 9.56
2000-01-01T00:00:00Z, 1416753, 9.63
2000-01-01T00:00:00Z, 1417877, 9.63
2000-01-01T00:00:00Z, 1419005, 9.63
2000-01-01T00:00:00Z, 1420130, 9.63
2000-01-01T00:00:00Z, 1421255, 9.63
2000-01-01T00:00:00Z, 1422380, 9.63
2000-01-01T00:00:00Z, 1423505, 9.69
2000-01-01T00:00:00Z, 1424630, 9.69
2000-01-01T00:00:00Z, 1425755, 9.69
2000-01-01T00:00:00Z, 1426880, 9.75
2000-01-01T00:00:00Z, 1428004, 9.75
2000-01-01T00:00:00Z, 1429130, 9.75
2000-01-01T00:00:00Z, 1430254, 9.75
2000-01-01T00:00:00Z, 1431378, 9.81
2000-01-01T00:00:00Z, 1432504, 9.81
2000-01-01T00:00:00Z, 1433628, 9.81
2000-01-01T00:00:00Z, 1434757, 9.88
2000-01-01T00:00:00Z, 1435882, 9.88
2000-01-01T00:00:00Z, 1437006, 9.88
2000-01-01T00:00:00Z, 1438132, 9.88
2000-01-01T00:00:00Z, 1439256, 9.88
2000-01-01T00:00:00Z, 1440381, 9.94
2000-01-01T00:00:00Z, 1441506, 9.94
2000-01-01T00:00:00Z, 1442631, 9.94
2000-01-01T00:00:00Z, 1443756, 9.94
2000-01-01T00:00:00Z, 1444881, 10.00
2000-01-01T00:00:00Z, 1446005, 10.00
2000-01-01T00:00:00Z, 1447131, 10.00
2000-01-01T00:00:00Z, 1448255, 10.00
2000-01-01T00:00:00Z, 1449379, 10.06
2000-01-01T00:00:00Z, 1450508, 10.06
2000-01-01T00:00:00Z, 1451633, 10.00
2000-01-01T00:00:00Z, 1452763, 10.06
2000-01-01T00:00:00Z, 1453888, 10.06
2000-01-01T00:00:00Z, 1455012, 10.06
2000-01-01T00:00:00Z, 1456138, 10.13
2000-01-01T00:00:00Z, 1457263, 10.13
2000-01-01T00:00:00Z, 1458387, 10.13
2000-01-01T00:00:00Z, 1459513, 10.13
2000-01-01T00:00:00Z, 1460637, 10.19
2000-01-01T00:00:00Z, 1461763, 10.19
2000-01-01T00:00:00Z, 1462887, 10.19
2000-01-01T00:00:00Z, 1464012, 10.19
2000-01-01T00:00:00Z, 1465141, 10.19
2000-01-01T00:00:00Z, 1466265, 10.25
2000-01-01T00:00:00Z, 1467390, 10.25
2000-01-01T00:00:00Z, 1468515, 10.25
2000-01-01T00:00:00Z, 1469640, 10.31
2000-01-01T00:00:00Z, 1470765, 10.31
2000-01-01T00:00:00Z, 1471890, 10.31
2000-01-01T00:00:00Z, 1473015, 10.31
2000-01-01T00:00:00Z, 1474140, 10.31
2000-01-01T00:00:00Z, 1475265, 10.31
2000-01-01T00:00:00Z, 1476389, 10.31
2000-01-01T00:00:00Z, 1477514, 10.31
2000-01-01T00:00:00Z, 1478639, 10.38
2000-01-01T00:00:00Z, 1479764, 10.31
2000-01-01T00:00:00Z, 1480892, 10.38
2000-01-01T00:00:00Z, 1482017, 10.38
2000-01-01T00:00:00Z, 1483142, 10.38
2000-01-01T00:00:00Z, 1484267, 10.38
2000-01-01T00:00:00Z, 1485391, 10.44
2000-01-01T00:00:00Z, 1486517, 10.44
2000-01-01T00:00:00Z, 1487641, 10.44
2000-01-01T00:00:00Z, 1488766, 10.44
2000-01-01T00:00:00Z, 1489891, 10.50
2000-01-01T00:00:00Z, 1491016, 10.50
2000-01-01T00:00:00Z, 1492141, 10.50
2000-01-01T00:00:00Z, 1493266, 10.50
2000-01-01T00:00:00Z, 1494390, 10.56
2000-01-01T00:00:00Z, 1495519, 10.56
2000-01-01T00:00:00Z, 1496648, 10.56
2000-01-01T00:00:00Z, 1497774, 10.56
2000-01-01T00:00:00Z, 1498898, 10.56
2000-01-01T00:00:00Z, 1500023, 10.63
2000-01-01T00:00:00Z, 1501149, 10.63
2000-01-01T00:00:00Z, 1502273, 10.63
2000-01-01T00:00:00Z, 1503398, 10.63
2000-01-01T00:00:00Z, 1504523, 10.63
2000-01-01T00:00:00Z, 1505648, 10.63
2000-01-01T00:00:00Z, 1506772, 10.69
2000-01-01T00:00:00Z, 1507898, 10.69
2000-01-01T00:00:00Z, 1509023, 10.69
2000-01-01T00:00:00Z, 1510148, 10.69
2000-01-01T00:00:00Z, 1511276, 10.69
2000-01-01T00:00:00Z, 1512400, 10.69
2000-01-01T00:00:00Z, 1513525, 10.69
2000-01-01T00:00:00Z, 1514649, 10.69
2000-01-01T00:00:00Z, 1515774, 10.69
2000-01-01T00:00:00Z, 1516899, 10.69
2000-01-01T00:00:00Z, 1518023, 10.69
2000-01-01T00:00:00Z, 1519148, 10.69
2000-01-01T00:00:00Z, 1520272, 10.75
2000-01-01T00:00:00Z, 1521396, 10.75
2000-01-01T00:00:00Z, 1522521, 10.75
2000-01-01T00:00:00Z, 1523646, 10.75
2000-01-01T00:00:00Z, 1524770, 10.75
2000-01-01T00:00:00Z, 1525906, 10.75
2000-01-01T00:00:00Z, 1527025, 10.75
2000-01-01T00:00:00Z, 1528145, 10.75
2000-01-01T00:00:00Z, 1529265, 10.81
2000-01-01T00:00:00Z, 1530384, 10.81
2000-01-01T00:00:00Z, 1531503, 10.81
2000-01-01T00:00:00Z, 1532623, 10.81
2000-01-01T00:00:00Z, 1533743, 10.81
2000-01-01T00:00:00Z, 1534862, 10.81
2000-01-01T00:00:00Z, 1535981, 10.88
2000-01-01T00:00:00Z, 1537101, 10.88
2000-01-01T00:00:00Z, 1538221, 10.94
2000-01-01T00:00:00Z, 1539340, 10.94
2000-01-01T00:00:00Z, 1540460, 10.94
2000-01-01T00:00:00Z, 1541587, 10.94
2000-01-01T00:00:00Z, 1542707, 11.00
2000-01-01T00:00:00Z, 1543827, 11.00
2000-01-01T00:00:00Z, 1544947, 11.06
2000-01-01T00:00:00Z, 1546067, 11.06
2000-01-01T00:00:00Z, 1547188, 11.06
2000-01-01T00:00:00Z, 1548307, 11.06
2000-01-01T00:00:00Z, 1549427, 11.13
2000-01-01T00:00:00Z, 1550547, 11.13
2000-01-01T00:00:00Z, 1551668, 11.19
2000-01-01T00:00:00Z, 1552788, 11.13
2000-01-01T00:00:00Z, 1553908, 11.19
2000-01-01T00:00:00Z, 1555027, 11.13
2000-01-01T00:00:00Z, 1556151, 11.19
2000-01-01T00:00:00Z, 1557271, 11.19
2000-01-01T00:00:00Z, 1558390, 11.19
2000-01-01T00:00:00Z, 1559511, 11.19
2000-01-01T00:00:00Z, 1560631, 11.19
2000-01-01T00:00:00Z, 1561751, 11.19
2000-01-01T00:00:00Z, 1562871, 11.19
2000-01-01T00:00:00Z, 1563991, 11.19
2000-01-01T00:00:00Z, 1565111, 11.19
2000-01-01T00:00:00Z, 1566231, 11.25
2000-01-01T00:00:00Z, 1567350, 11.25
2000-01-01T00:00:00Z, 1568471, 11.25
2000-01-01T00:00:00Z, 1569591, 11.25
2000-01-01T00:00:00Z, 1570711, 11.25
2000-01-01T00:00:00Z, 1571833, 11.31
2000-01-01T00:00:00Z, 1572954, 11.38
2000-01-01T00:00:00Z, 1574074, 11.38
2000-01-01T00:00:00Z, 1575193, 11.38
2000-01-01T00:00:00Z, 1576313, 11.38
2000-01-01T00:00:00Z, 1577434, 11.44
2000-01-01T00:00:00Z, 1578554, 11.44
2000-01-01T00:00:00Z, 1579673, 11.44
2000-01-01T00:00:00Z, 1580793, 11.44
2000-01-01T00:00:00Z, 1581914, 11.44
2000-01-01T00:00:00Z, 1583034, 11.50
2000-01-01T00:00:00Z, 1584153, 11.50
2000-01-01T00:00:00Z, 1585278, 11.50
2000-01-01T00:00:00Z, 1586402, 11.56
2000-01-01T00:00:00Z, 1587522, 11.56
2000-01-01T00:00:00Z, 1588641, 11.56
2000-01-01T00:00:00Z, 1589762, 11.56
2000-01-01T00:00:00Z, 1590882, 11.63
2000-01-01T00:00:00Z, 1592002, 11.63
2000-01-01T00:00:00Z, 1593122, 11.63
2000-01-01T00:00:00Z, 1594243, 11.69
2000-01-01T00:00:00Z, 1595362, 11.69
2000-01-01T00:00:00Z, 1596482, 11.75
2000-01-01T00:00:00Z, 1597602, 11.69
2000-01-01T00:00:00Z, 1598723, 11.75
2000-01-01T00:00:00Z, 1599843, 11.81
2000-01-01T00:00:00Z, 1600962, 11.75
2000-01-01T00:00:00Z, 1602085, 11.81
2000-01-01T00:00:00Z, 1603206, 11.75
2000-01-01T00:00:00Z, 1604326, 11.75
2000-01-01T00:00:00Z, 1605445, 11.81
2000-01-01T00:00:00Z, 1606565, 11.81
2000-01-01T00:00:00Z, 1607686, 11.81
2000-01-01T00:00:00Z, 1608806, 11.81
2000-01-01T00:00:00Z, 1609925, 11.81
2000-01-01T00:00:00Z, 1611045, 11.81
2000-01-01T00:00:00Z, 1612166, 11.88
2000-01-01T00:00:00Z, 1613286, 11.88
2000-01-01T00:00:00Z, 1614405, 11.88
2000-01-01T00:00:00Z, 1615525, 11.88
2000-01-01T00:00:00Z, 1616649, 11.88
2000-01-01T00:00:00Z, 1617769, 11.94
2000-01-01T00:00:00Z, 1618888, 11.94
2000-01-01T00:00:00Z, 1620008, 11.88
2000-01-01T00:00:00Z, 1621129, 11.94
2000-01-01T00:00:00Z, 1622248, 11.94
2000-01-01T00:00:00Z, 1623368, 11.94
2000-01-01T00:00:00Z, 1624488, 11.94
2000-01-01T00:00:00Z, 1625609, 11.94
2000-01-01T00:00:00Z, 1626728, 11.94
2000-01-01T00:00:00Z, 1627848, 11.94
2000-01-01T00:00:00Z, 1628974, 11.94
2000-01-01T00:00:00Z, 1630094, 11.94
2000-01-01T00:00:00Z, 1631214, 12.00
2000-01-01T00:00:00Z, 1632331, 12.00
2000-01-01T00:00:00Z, 1633452, 12.00
2000-01-01T00:00:00Z, 1634571, 12.00
2000-01-01T00:00:00Z, 1635690, 12.00
2000-01-01T00:00:00Z, 1636810, 12.06
2000-01-01T00:00:00Z, 1637929, 12.00
2000-01-01T00:00:00Z, 1639050, 12.06
2000-01-01T00:00:00Z, 1640169, 12.13
2000-01-01T00:00:00Z, 1641289, 12.13
2000-01-01T00:00:00Z, 1642408, 12.13
2000-01-01T00:00:00Z, 1643529, 12.19
2000-01-01T00:00:00Z, 1644648, 12.19
2000-01-01T00:00:00Z, 1645768, 12.19
2000-01-01T00:00:00Z, 1646900, 12.25
2000-01-01T00:00:00Z, 1648024, 12.25
2000-01-01T00:00:00Z, 1649147, 12.31
2000-01-01T00:00:00Z, 1650271, 12.25
2000-01-01T00:00:00Z, 1651394, 12.31
2000-01-01T00:00:00Z, 1652517, 12.31
2000-01-01T00:00:00Z, 1653641, 12.38
2000-01-01T00:00:00Z, 1654764, 12.38
2000-01-01T00:00:00Z, 1655887, 12.38
2000-01-01T00:00:00Z, 1657011, 12.38
2000-01-01T00:00:00Z, 1658134, 12.44
2000-01-01T00:00:00Z, 1659257, 12.44
2000-01-01T00:00:00Z, 1660381, 12.44
2000-01-01T00:00:00Z, 1661502, 12.44
2000-01-01T00:00:00Z, 1662625, 12.50
2000-01-01T00:00:00Z, 1663750, 12.50
2000-01-01T00:00:00Z, 1664873, 12.50
2000-01-01T00:00:00Z, 1665997, 12.50
2000-01-01T00:00:00Z, 1667121, 12.50
2000-01-01T00:00:00Z, 1668245, 12.50
2000-01-01T00:00:00Z, 1669368, 12.50
2000-01-01T00:00:00Z, 1670492, 12.50
2000-01-01T00:00:00Z, 1671616, 12.56
2000-01-01T00:00:00Z, 1672740, 12.50
2000-01-01T00:00:00Z, 1673869, 12.56
2000-01-01T00:00:00Z, 1674992, 12.56
2000-01-01T00:00:00Z, 1676116, 12.56
2000-01-01T00:00:00Z, 1677238, 12.56
2000-01-01T00:00:00Z, 1678362, 12.56
2000-01-01T00:00:00Z, 1679485, 12.63
2000-01-01T00:00:00Z, 1680610, 12.63
2000-01-01T00:00:00Z, 1681734, 12.69
2000-01-01T00:00:00Z, 1682857, 12.69
2000-01-01T00:00:00Z, 1683981, 12.69
2000-01-01T00:00:00Z, 1685105, 12.69
2000-01-01T00:00:00Z, 1686228, 12.75
2000-01-01T00:00:00Z, 1687353, 12.69
2000-01-01T00:00:00Z, 1688476, 12.75
2000-01-01T00:00:00Z, 1689601, 12.75
2000-01-01T00:00:00Z, 1690724, 12.81
2000-01-01T00:00:00Z, 1691851, 12.75
2000-01-01T00:00:00Z, 1692975, 12.81
2000-01-01T00:00:00Z, 1694099, 12.81
2000-01-01T00:00:00Z, 1695222, 12.81
2000-01-01T00:00:00Z, 1696347, 12.81
2000-01-01T00:00:00Z, 1697470, 12.81
2000-01-01T00:00:00Z, 1698594, 12.88
2000-01-01T00:00:00Z, 1699718, 12.88
2000-01-01T00:00:00Z, 1700842, 12.88
2000-01-01T00:00:00Z, 1701965, 12.88
2000-01-01T00:00:00Z, 1703089, 12.88
2000-01-01T00:00:00Z, 1704213, 12.94
2000-01-01T00:00:00Z, 1705336, 12.94
2000-01-01T00:00:00Z, 1706461, 12.94
2000-01-01T00:00:00Z, 1707587, 12.94
2000-01-01T00:00:00Z, 1708711, 13.00
2000-01-01T00:00:00Z, 1709835, 13.00
2000-01-01T00:00:00Z, 1710958, 13.00
2000-01-01T00:00:00Z, 1712082, 13.06
2000-01-01T00:00:00Z, 1713206, 13.06
2000-01-01T00:00:00Z, 1714330, 13.13
2000-01-01T00:00:00Z, 1715453, 13.13
2000-01-01T00:00:00Z, 1716578, 13.13
2000-01-01T00:00:00Z, 1717706, 13.13
2000-01-01T00:00:00Z, 1718830, 13.13
2000-01-01T00:00:00Z, 1719954, 13.13
2000-01-01T00:00:00Z, 1721077, 13.13
2000-01-01T00:00:00Z, 1722205, 13.13
2000-01-01T00:00:00Z, 1723329, 13.19
2000-01-01T00:00:00Z, 1724452, 13.19
2000-01-01T00:00:00Z, 1725577, 13.19
2000-01-01T00:00:00Z, 1726700, 13.25
2000-01-01T00:00:00Z, 1727824, 13.25
2000-01-01T00:00:00Z, 1728948, 13.25
2000-01-01T00:00:00Z, 1730072, 13.19
2000-01-01T00:00:00Z, 1731195, 13.25
2000-01-01T00:00:00Z, 1732320, 13.25
2000-01-01T00:00:00Z, 1733443, 13.31
2000-01-01T00:00:00Z, 1734567, 13.31
2000-01-01T00:00:00Z, 1735691, 13.31
2000-01-01T00:00:00Z, 1736815, 13.31
2000-01-01T00:00:00Z, 1737942, 13.31
2000-01-01T00:00:00Z, 1739066, 13.31
2000-01-01T00:00:00Z, 1740189, 13.38
2000-01-01T00:00:00Z, 1741314, 13.38
2000-01-01T00:00:00Z, 1742437, 13.38
2000-01-01T00:00:00Z, 1743561, 13.44
2000-01-01T00:00:00Z, 1744685, 13.44
2000-01-01T00:00:00Z, 1745809, 13.44
2000-01-01T00:00:00Z, 1746932, 13.50
2000-01-01T00:00:00Z, 1748057, 13.50
2000-01-01T00:00:00Z, 1749180, 13.44
2000-01-01T00:00:00Z, 1750303, 13.50
2000-01-01T00:00:00Z, 1751428, 13.50
2000-01-01T00:00:00Z, 1752554, 13.50
2000-01-01T00:00:00Z, 1753677, 13.50
2000-01-01T00:00:00Z, 1754801, 13.50
2000-01-01T00:00:00Z, 1755925, 13.56
2000-01-01T00:00:00Z, 1757047, 13.56
2000-01-01T00:00:00Z, 1758171, 13.56
2000-01-01T00:00:00Z, 1759294, 13.56
2000-01-01T00:00:00Z, 1760417, 13.56
2000-01-01T00:00:00Z, 1761546, 13.56
2000-01-01T00:00:00Z, 1762669, 13.63
2000-01-01T00:00:00Z, 1763792, 13.63
2000-01-01T00:00:00Z, 1764917, 13.63
2000-01-01T00:00:00Z, 1766040, 13.63
2000-01-01T00:00:00Z, 1767163, 13.63
2000-01-01T00:00:00Z, 1768300, 13.63
2000-01-01T00:00:00Z, 1769425, 13.69
2000-01-01T00:00:00Z, 1770550, 13.69
2000-01-01T00:00:00Z, 1771675, 13.69
2000-01-01T00:00:00Z, 1772800, 13.75
2000-01-01T00:00:00Z, 1773924, 13.75
2000-01-01T00:00:00Z, 1775049, 13.81
2000-01-01T00:00:00Z, 1776174, 13.81
2000-01-01T00:00:00Z, 1777299, 13.81
2000-01-01T00:00:00Z, 1778423, 13.88
2000-01-01T00:00:00Z, 1779548, 13.88
2000-01-01T00:00:00Z, 1780673, 13.94
2000-01-01T00:00:00Z, 1781797, 13.88
2000-01-01T00:00:00Z, 1782926, 13.94
2000-01-01T00:00:00Z, 1784051, 13.94
2000-01-01T00:00:00Z, 1785177, 13.94
2000-01-01T00:00:00Z, 1786301, 14.00
2000-01-01T00:00:00Z, 1787426, 14.00
2000-01-01T00:00:00Z, 1788552, 14.00
2000-01-01T00:00:00Z, 1789677, 14.00
2000-01-01T00:00:00Z, 1790801, 14.00
2000-01-01T00:00:00Z, 1791927, 14.00
2000-01-01T00:00:00Z, 1793052, 13.94
2000-01-01T00:00:00Z, 1794177, 14.00
2000-01-01T00:00:00Z, 1795302, 14.00
2000-01-01T00:00:00Z, 1796427, 14.00
2000-01-01T00:00:00Z, 1797552, 14.00
2000-01-01T00:00:00Z, 1798680, 14.06
2000-01-01T00:00:00Z, 1799805, 14.06
2000-01-01T00:00:00Z, 1800931, 14.06
2000-01-01T00:00:00Z, 1802055, 14.06
2000-01-01T00:00:00Z, 1803181, 14.06
2000-01-01T00:00:00Z, 1804306, 14.06
2000-01-01T00:00:00Z, 1805435, 14.13
2000-01-01T00:00:00Z, 1806561, 14.13
2000-01-01T00:00:00Z, 1807686, 14.13
2000-01-01T00:00:00Z, 1808811, 14.13
2000-01-01T00:00:00Z, 1809936, 14.13
2000-01-01T00:00:00Z, 1811061, 14.13
2000-01-01T00:00:00Z, 1812187, 14.13
2000-01-01T00:00:00Z, 1813315, 14.19
2000-01-01T00:00:00Z, 1814440, 14.19
2000-01-01T00:00:00Z, 1815566, 14.19
2000-01-01T00:00:00Z, 1816690, 14.19
2000-01-01T00:00:00Z, 1817816, 14.19
2000-01-01T00:00:00Z, 1818941, 14.25
2000-01-01T00:00:00Z, 1820066, 14.25
2000-01-01T00:00:00Z, 1821191, 14.25
2000-01-01T00:00:00Z, 1822316, 14.31
2000-01-01T00:00:00Z, 1823441, 14.31
2000-01-01T00:00:00Z, 1824567, 14.31
2000-01-01T00:00:00Z, 1825691, 14.31
2000-01-01T00:00:00Z, 1826817, 14.31
2000-01-01T00:00:00Z, 1827942, 14.38
2000-01-01T00:00:00Z, 1829070, 14.38
2000-01-01T00:00:00Z, 1830196, 14.38
2000-01-01T00:00:00Z, 1831320, 14.38
2000-01-01T00:00:00Z, 1832445, 14.44
2000-01-01T00:00:00Z, 1833571, 14.44
2000-01-01T00:00:00Z, 1834696, 14.50
2000-01-01T00:00:00Z, 1835821, 14.50
2000-01-01T00:00:00Z, 1836946, 14.50
2000-01-01T00:00:00Z, 1838071, 14.50
2000-01-01T00:00:00Z, 1839196, 14.50
2000-01-01T00:00:00Z, 1840321, 14.56
2000-01-01T00:00:00Z, 1841446, 14.56
2000-01-01T00:00:00Z, 1842572, 14.56
2000-01-01T00:00:00Z, 1843700, 14.56
2000-01-01T00:00:00Z, 1844825, 14.56
2000-01-01T00:00:00Z, 1845950, 14.56
2000-01-01T00:00:00Z, 1847075, 14.63
2000-01-01T00:00:00Z, 1848200, 14.63
2000-01-01T00:00:00Z, 1849325, 14.63
2000-01-01T00:00:00Z, 1850456, 14.63
2000-01-01T00:00:00Z, 1851580, 14.63
2000-01-01T00:00:00Z, 1852705, 14.69
2000-01-01T00:00:00Z, 1853831, 14.69
2000-01-01T00:00:00Z, 1854956, 14.69
2000-01-01T00:00:00Z, 1856081, 14.69
2000-01-01T00:00:00Z, 1857207, 14.69
2000-01-01T00:00:00Z, 1858331, 14.75
2000-01-01T00:00:00Z, 1859461, 14.75
2000-01-01T00:00:00Z, 1860585, 14.75
2000-01-01T00:00:00Z, 1861710, 14.75
2000-01-01T00:00:00Z, 1862836, 14.75
2000-01-01T00:00:00Z, 1863961, 14.81
2000-01-01T00:00:00Z, 1865085, 14.81
2000-01-01T00:00:00Z, 1866211, 14.81
2000-01-01T00:00:00Z, 1867336, 14.81
2000-01-01T00:00:00Z, 1868462, 14.88
2000-01-01T00:00:00Z, 1869586, 14.88
2000-01-01T00:00:00Z, 1870711, 14.88
2000-01-01T00:00:00Z, 1871837, 14.88
2000-01-01T00:00:00Z, 1872961, 14.88
2000-01-01T00:00:00Z, 1874089, 14.94
2000-01-01T00:00:00Z, 1875215, 14.94
2000-01-01T00:00:00Z, 1876339, 14.94
2000-01-01T00:00:00Z, 1877465, 15.00
2000-01-01T00:00:00Z, 1878589, 15.00
2000-01-01T00:00:00Z, 1879713, 15.00
2000-01-01T00:00:00Z, 1880838, 15.00
2000-01-01T00:00:00Z, 1881963, 15.06
2000-01-01T00:00:00Z, 1883087, 15.06
2000-01-01T00:00:00Z, 1884212, 15.06
2000-01-01T00:00:00Z, 1885337, 15.06
2000-01-01T00:00:00Z, 1886461, 15.06
2000-01-01T00:00:00Z, 1887586, 15.13
2000-01-01T00:00:00Z, 1888711, 15.13
2000-01-01T00:00:00Z, 1889844, 15.13
2000-01-01T00:00:00Z, 1890964, 15.13
2000-01-01T00:00:00Z, 1892083, 15.13
2000-01-01T00:00:00Z, 1893203, 15.13
2000-01-01T00:00:00Z, 1894328, 15.13
2000-01-01T00:00:00Z, 1895448, 15.13
2000-01-01T00:00:00Z, 1896567, 15.13
2000-01-01T00:00:00Z, 1897688, 15.19
2000-01-01T00:00:00Z, 1898808, 15.19
2000-01-01T00:00:00Z, 1899927, 15.19
2000-01-01T00:00:00Z, 1901047, 15.19
2000-01-01T00:00:00Z, 1902167, 15.19
2000-01-01T00:00:00Z, 1903287, 15.19
2000-01-01T00:00:00Z, 1904409, 15.25
2000-01-01T00:00:00Z, 1905529, 15.25
2000-01-01T00:00:00Z, 1906650, 15.25
2000-01-01T00:00:00Z, 1907770, 15.25
2000-01-01T00:00:00Z, 1908890, 15.25
2000-01-01T00:00:00Z, 1910010, 15.25
2000-01-01T00:00:00Z, 1911131, 15.25
2000-01-01T00:00:00Z, 1912251, 15.31
2000-01-01T00:00:00Z, 1913370, 15.31
2000-01-01T00:00:00Z, 1914490, 15.31
2000-01-01T00:00:00Z, 1915611, 15.31
2000-01-01T00:00:00Z, 1916731, 15.31
2000-01-01T00:00:00Z, 1917851, 15.31
2000-01-01T00:00:00Z, 1918971, 15.38
2000-01-01T00:00:00Z, 1920089, 15.38
2000-01-01T00:00:00Z, 1921209, 15.38
2000-01-01T00:00:00Z, 1922329, 15.44
2000-01-01T00:00:00Z, 1923449, 15.44
2000-01-01T00:00:00Z, 1924570, 15.44
2000-01-01T00:00:00Z, 1925689, 15.44
2000-01-01T00:00:00Z, 1926809, 15.50
2000-01-01T00:00:00Z, 1927929, 15.50
2000-01-01T00:00:00Z, 1929050, 15.50
2000-01-01T00:00:00Z, 1930170, 15.50
2000-01-01T00:00:00Z, 1931290, 15.50
2000-01-01T00:00:00Z, 1932409, 15.50
2000-01-01T00:00:00Z, 1933530, 15.50
2000-01-01T00:00:00Z, 1934653, 15.56
2000-01-01T00:00:00Z, 1935773, 15.56
2000-01-01T00:00:00Z, 1936892, 15.63
2000-01-01T00:00:00Z, 1938018, 15.56
2000-01-01T00:00:00Z, 1939138, 15.63
2000-01-01T00:00:00Z, 1940258, 15.63
2000-01-01T00:00:00Z, 1941379, 15.69
2000-01-01T00:00:00Z, 1942499, 15.69
2000-01-01T00:00:00Z, 1943619, 15.69
2000-01-01T00:00:00Z, 1944739, 15.75
2000-01-01T00:00:00Z, 1945860, 15.81
2000-01-01T00:00:00Z, 1946979, 15.81
2000-01-01T00:00:00Z, 1948099, 15.81
2000-01-01T00:00:00Z, 1949217, 15.81
2000-01-01T00:00:00Z, 1950338, 15.81
2000-01-01T00:00:00Z, 1951458, 15.81
2000-01-01T00:00:00Z, 1952578, 15.88
2000-01-01T00:00:00Z, 1953698, 15.88
2000-01-01T00:00:00Z, 1954819, 15.88
2000-01-01T00:00:00Z, 1955939, 15.88
2000-01-01T00:00:00Z, 1957058, 15.88
2000-01-01T00:00:00Z, 1958178, 15.94
2000-01-01T00:00:00Z, 1959299, 15.94
2000-01-01T00:00:00Z, 1960419, 15.94
2000-01-01T00:00:00Z, 1961539, 15.94
2000-01-01T00:00:00Z, 1962659, 15.94
2000-01-01T00:00:00Z, 1963779, 16.00
2000-01-01T00:00:00Z, 1964897, 16.00
2000-01-01T00:00:00Z, 1966017, 16.00
2000-01-01T00:00:00Z, 1967137, 16.00
2000-01-01T00:00:00Z, 1968258, 16.00
2000-01-01T00:00:00Z, 1969378, 16.00
2000-01-01T00:00:00Z, 1970497, 16.00
2000-01-01T00:00:00Z, 1971617, 16.06
2000-01-01T00:00:00Z, 1972738, 16.06
2000-01-01T00:00:00Z, 1973858, 16.06
2000-01-01T00:00:00Z, 1974978, 16.00
2000-01-01T00:00:00Z, 1976097, 16.06
2000-01-01T00:00:00Z, 1977218, 16.06
2000-01-01T00:00:00Z, 1978338, 16.06
2000-01-01T00:00:00Z, 1979461, 16.13
2000-01-01T00:00:00Z, 1980580, 16.13
2000-01-01T00:00:00Z, 1981701, 16.13
2000-01-01T00:00:00Z, 1982826, 16.13
2000-01-01T00:00:00Z, 1983946, 16.13
2000-01-01T00:00:00Z, 1985067, 16.13
2000-01-01T00:00:00Z, 1986187, 16.13
2000-01-01T00:00:00Z, 1987307, 16.13
2000-01-01T00:00:00Z, 1988427, 16.19
2000-01-01T00:00:00Z, 1989548, 16.19
2000-01-01T00:00:00Z, 1990667, 16.25
2000-01-01T00:00:00Z, 1991787, 16.25
2000-01-01T00:00:00Z, 1992907, 16.25
2000-01-01T00:00:00Z, 1994028, 16.25
2000-01-01T00:00:00Z, 1995151, 16.25
2000-01-01T00:00:00Z, 1996270, 16.25
2000-01-01T00:00:00Z, 1997390, 16.25
2000-01-01T00:00:00Z, 1998510, 16.25
2000-01-01T00:00:00Z, 1999630, 16.31
2000-01-01T00:00:00Z, 2000749, 16.31
2000-01-01T00:00:00Z, 2001869, 16.31
2000-01-01T00:00:00Z, 2002989, 16.31
2000-01-01T00:00:00Z, 2004109, 16.31
2000-01-01T00:00:00Z, 2005228, 16.38
2000-01-01T00:00:00Z, 2006348, 16.31
2000-01-01T00:00:00Z, 2007468, 16.38
2000-01-01T00:00:00Z, 2008587, 16.38
2000-01-01T00:00:00Z, 2009719, 16.38
2000-01-01T00:00:00Z, 2010844, 16.44
2000-01-01T00:00:00Z, 2011967, 16.38
2000-01-01T00:00:00Z, 2013090, 16.44
2000-01-01T00:00:00Z, 2014215, 16.44
2000-01-01T00:00:00Z, 2015338, 16.44
2000-01-01T00:00:00Z, 2016461, 16.50
2000-01-01T00:00:00Z, 2017586, 16.56
2000-01-01T00:00:00Z, 2018709, 16.56
2000-01-01T00:00:00Z, 2019832, 16.56
2000-01-01T00:00:00Z, 2020956, 16.56
2000-01-01T00:00:00Z, 2022080, 16.56
2000-01-01T00:00:00Z, 2023203, 16.56
2000-01-01T00:00:00Z, 2024327, 16.56
2000-01-01T00:00:00Z, 2025454, 16.69
2000-01-01T00:00:00Z, 2026583, 16.69
2000-01-01T00:00:00Z, 2027707, 16.69
2000-01-01T00:00:00Z, 2028831, 16.69
2000-01-01T00:00:00Z, 2029956, 16.69
2000-01-01T00:00:00Z, 2031079, 16.69
2000-01-01T00:00:00Z, 2032203, 16.75
2000-01-01T00:00:00Z, 2033328, 16.75
2000-01-01T00:00:00Z, 2034452, 16.75
2000-01-01T00:00:00Z, 2035575, 16.75
2000-01-01T00:00:00Z, 2036700, 16.75
2000-01-01T00:00:00Z, 2037824, 16.81
2000-01-01T00:00:00Z, 2038947, 16.81
2000-01-01T00:00:00Z, 2040075, 16.81
2000-01-01T00:00:00Z, 2041199, 16.81
2000-01-01T00:00:00Z, 2042323, 16.81
2000-01-01T00:00:00Z, 2043447, 16.88
2000-01-01T00:00:00Z, 2044571, 16.88
2000-01-01T00:00:00Z, 2045696, 16.88
2000-01-01T00:00:00Z, 2046819, 16.88
2000-01-01T00:00:00Z, 2047943, 16.94
2000-01-01T00:00:00Z, 2049068, 16.94
2000-01-01T00:00:00Z, 2050191, 16.94
2000-01-01T00:00:00Z, 2051315, 16.94
2000-01-01T00:00:00Z, 2052440, 17.00
2000-01-01T00:00:00Z, 2053563, 17.00
2000-01-01T00:00:00Z, 2054687, 17.00
2000-01-01T00:00:00Z, 2055815, 17.00
2000-01-01T00:00:00Z, 2056938, 17.00
2000-01-01T00:00:00Z, 2058062, 17.00
2000-01-01T00:00:00Z, 2059187, 17.00
2000-01-01T00:00:00Z, 2060310, 17.00
2000-01-01T00:00:00Z, 2061434, 17.06
2000-01-01T00:00:00Z, 2062559, 17.06
2000-01-01T00:00:00Z, 2063682, 17.00
2000-01-01T00:00:00Z, 2064806, 17.06
2000-01-01T00:00:00Z, 2065930, 17.06
2000-01-01T00:00:00Z, 2067054, 17.06
2000-01-01T00:00:00Z, 2068178, 17.06
2000-01-01T00:00:00Z, 2069302, 17.06
2000-01-01T00:00:00Z, 2070434, 17.13
2000-01-01T00:00:00Z, 2071559, 17.13
2000-01-01T00:00:00Z, 2072682, 17.19
2000-01-01T00:00:00Z, 2073806, 17.13
2000-01-01T00:00:00Z, 2074931, 17.19
2000-01-01T00:00:00Z, 2076055, 17.25
2000-01-01T00:00:00Z, 2077179, 17.25
2000-01-01T00:00:00Z, 2078303, 17.25
2000-01-01T00:00:00Z, 2079427, 17.25
2000-01-01T00:00:00Z, 2080551, 17.31
2000-01-01T00:00:00Z, 2081675, 17.31
2000-01-01T00:00:00Z, 2082799, 17.31
2000-01-01T00:00:00Z, 2083923, 17.38
2000-01-01T00:00:00Z, 2085048, 17.38
2000-01-01T00:00:00Z, 2086175, 17.38
2000-01-01T00:00:00Z, 2087299, 17.38
2000-01-01T00:00:00Z, 2088423, 17.44
2000-01-01T00:00:00Z, 2089547, 17.44
2000-01-01T00:00:00Z, 2090671, 17.44
2000-01-01T00:00:00Z, 2091795, 17.44
2000-01-01T00:00:00Z, 2092919, 17.44
2000-01-01T00:00:00Z, 2094043, 17.44
2000-01-01T00:00:00Z, 2095167, 17.50
2000-01-01T00:00:00Z, 2096290, 17.50
2000-01-01T00:00:00Z, 2097415, 17.50
2000-01-01T00:00:00Z, 2098539, 17.56
2000-01-01T00:00:00Z, 2099662, 17.56
2000-01-01T00:00:00Z, 2100790, 17.63
2000-01-01T00:00:00Z, 2101914, 17.63
2000-01-01T00:00:00Z, 2103037, 17.69
2000-01-01T00:00:00Z, 2104162, 17.69
2000-01-01T00:00:00Z, 2105286, 17.69
2000-01-01T00:00:00Z, 2106409, 17.69
2000-01-01T00:00:00Z, 2107534, 17.75
2000-01-01T00:00:00Z, 2108658, 17.75
2000-01-01T00:00:00Z, 2109782, 17.75
2000-01-01T00:00:00Z, 2110906, 17.75
2000-01-01T00:00:00Z, 2112029, 17.75
2000-01-01T00:00:00Z, 2113154, 17.75
2000-01-01T00:00:00Z, 2114278, 17.75
2000-01-01T00:00:00Z, 2115406, 17.75
2000-01-01T00:00:00Z, 2116534, 17.81
2000-01-01T00:00:00Z, 2117657, 17.81
2000-01-01T00:00:00Z, 2118781, 17.81
2000-01-01T00:00:00Z, 2119905, 17.81
2000-01-01T00:00:00Z, 2121029, 17.81
2000-01-01T00:00:00Z, 2122152, 17.81
2000-01-01T00:00:00Z, 2123277, 17.81
2000-01-01T00:00:00Z, 2124400, 17.88
2000-01-01T00:00:00Z, 2125523, 17.88
2000-01-01T00:00:00Z, 2126648, 17.88
2000-01-01T00:00:00Z, 2127771, 17.88
2000-01-01T00:00:00Z, 2128896, 17.88
2000-01-01T00:00:00Z, 2130019, 17.94
2000-01-01T00:00:00Z, 2131155, 17.94
2000-01-01T00:00:00Z, 2132280, 17.94
2000-01-01T00:00:00Z, 2133405, 17.94
2000-01-01T00:00:00Z, 2134530, 18.00
2000-01-01T00:00:00Z, 2135655, 18.06
2000-01-01T00:00:00Z, 2136780, 18.00
2000-01-01T00:00:00Z, 2137905, 18.00
2000-01-01T00:00:00Z, 2139030, 18.00
2000-01-01T00:00:00Z, 2140154, 18.06
2000-01-01T00:00:00Z, 2141280, 18.06
2000-01-01T00:00:00Z, 2142405, 18.06
2000-01-01T00:00:00Z, 2143529, 18.13
2000-01-01T00:00:00Z, 2144655, 18.13
2000-01-01T00:00:00Z, 2145779, 18.13
2000-01-01T00:00:00Z, 2146908, 18.13
2000-01-01T00:00:00Z, 2148033, 18.13
2000-01-01T00:00:00Z, 2149158, 18.13
2000-01-01T00:00:00Z, 2150284, 18.13
2000-01-01T00:00:00Z, 2151409, 18.13
2000-01-01T00:00:00Z, 2152535, 18.19
2000-01-01T00:00:00Z, 2153660, 18.19
2000-01-01T00:00:00Z, 2154785, 18.19
2000-01-01T00:00:00Z, 2155911, 18.19
2000-01-01T00:00:00Z, 2157036, 18.25
2000-01-01T00:00:00Z, 2158161, 18.25
2000-01-01T00:00:00Z, 2159291, 18.25
2000-01-01T00:00:00Z, 2160416, 18.31
2000-01-01T00:00:00Z, 2161546, 18.25
2000-01-01T00:00:00Z, 2162671, 18.31
2000-01-01T00:00:00Z, 2163796, 18.31
2000-01-01T00:00:00Z, 2164922, 18.31
2000-01-01T00:00:00Z, 2166047, 18.31
2000-01-01T00:00:00Z, 2167173, 18.31
2000-01-01T00:00:00Z, 2168298, 18.38
2000-01-01T00:00:00Z, 2169423, 18.38
2000-01-01T00:00:00Z, 2170549, 18.38
2000-01-01T00:00:00Z, 2171674, 18.44
2000-01-01T00:00:00Z, 2172800, 18.44
2000-01-01T00:00:00Z, 2173925, 18.44
2000-01-01T00:00:00Z, 2175050, 18.50
2000-01-01T00:00:00Z, 2176176, 18.50
2000-01-01T00:00:00Z, 2177304, 18.50
2000-01-01T00:00:00Z, 2178429, 18.50
2000-01-01T00:00:00Z, 2179555, 18.50
2000-01-01T00:00:00Z, 2180680, 18.56
2000-01-01T00:00:00Z, 2181806, 18.50
2000-01-01T00:00:00Z, 2182931, 18.56
2000-01-01T00:00:00Z, 2184056, 18.50
2000-01-01T00:00:00Z, 2185181, 18.56
2000-01-01T00:00:00Z, 2186306, 18.56
2000-01-01T00:00:00Z, 2187431, 18.56
2000-01-01T00:00:00Z, 2188557, 18.63
2000-01-01T00:00:00Z, 2189682, 18.63
2000-01-01T00:00:00Z, 2190808, 18.63
2000-01-01T00:00:00Z, 2191936, 18.63
2000-01-01T00:00:00Z, 2193061, 18.63
2000-01-01T00:00:00Z, 2194187, 18.63
2000-01-01T00:00:00Z, 2195312, 18.69
2000-01-01T00:00:00Z, 2196438, 18.69
2000-01-01T00:00:00Z, 2197563, 18.69
2000-01-01T00:00:00Z, 2198688, 18.75
2000-01-01T00:00:00Z, 2199814, 18.75
2000-01-01T00:00:00Z, 2200939, 18.75
2000-01-01T00:00:00Z, 2202064, 18.75
2000-01-01T00:00:00Z, 2203194, 18.75
2000-01-01T00:00:00Z, 2204319, 18.75
2000-01-01T00:00:00Z, 2205445, 18.75
2000-01-01T00:00:00Z, 2206570, 18.81
2000-01-01T00:00:00Z, 2207693, 18.81
2000-01-01T00:00:00Z, 2208819, 18.81
2000-01-01T00:00:00Z, 2209945, 18.88
2000-01-01T00:00:00Z, 2211070, 18.88
2000-01-01T00:00:00Z, 2212196, 18.88
2000-01-01T00:00:00Z, 2213321, 18.88
2000-01-01T00:00:00Z, 2214447, 18.88
2000-01-01T00:00:00Z, 2215572, 18.94
2000-01-01T00:00:00Z, 2216697, 18.88
2000-01-01T00:00:00Z, 2217823, 18.94
2000-01-01T00:00:00Z, 2218948, 18.94
2000-01-01T00:00:00Z, 2220073, 18.94
2000-01-01T00:00:00Z, 2221199, 18.94
2000-01-01T00:00:00Z, 2222327, 18.94
2000-01-01T00:00:00Z, 2223453, 19.00
2000-01-01T00:00:00Z, 2224578, 19.00
2000-01-01T00:00:00Z, 2225703, 19.00
2000-01-01T00:00:00Z, 2226829, 19.00
2000-01-01T00:00:00Z, 2227954, 19.06
2000-01-01T00:00:00Z, 2229079, 19.06
2000-01-01T00:00:00Z, 2230204, 19.06
2000-01-01T00:00:00Z, 2231329, 19.06
2000-01-01T00:00:00Z, 2232455, 19.13
2000-01-01T00:00:00Z, 2233580, 19.13
2000-01-01T00:00:00Z, 2234705, 19.13
2000-01-01T00:00:00Z, 2235831, 19.13
2000-01-01T00:00:00Z, 2236954, 19.19
2000-01-01T00:00:00Z, 2238078, 19.19
2000-01-01T00:00:00Z, 2239204, 19.19
2000-01-01T00:00:00Z, 2240329, 19.19
2000-01-01T00:00:00Z, 2241454, 19.25
2000-01-01T00:00:00Z, 2242579, 19.25
2000-01-01T00:00:00Z, 2243703, 19.19
2000-01-01T00:00:00Z, 2244829, 19.25
2000-01-01T00:00:00Z, 2245953, 19.25
2000-01-01T00:00:00Z, 2247083, 19.25
2000-01-01T00:00:00Z, 2248208, 19.31
2000-01-01T00:00:00Z, 2249333, 19.31
2000-01-01T00:00:00Z, 2250459, 19.31
2000-01-01T00:00:00Z, 2251583, 19.31
2000-01-01T00:00:00Z, 2252712, 19.31
2000-01-01T00:00:00Z, 2253832, 19.38
2000-01-01T00:00:00Z, 2254952, 19.38
2000-01-01T00:00:00Z, 2256072, 19.38
2000-01-01T00:00:00Z, 2257191, 19.38
2000-01-01T00:00:00Z, 2258312, 19.38
2000-01-01T00:00:00Z, 2259432, 19.38
2000-01-01T00:00:00Z, 2260552, 19.44
2000-01-01T00:00:00Z, 2261671, 19.44
2000-01-01T00:00:00Z, 2262792, 19.50
2000-01-01T00:00:00Z, 2263912, 19.44
2000-01-01T00:00:00Z, 2265031, 19.50
2000-01-01T00:00:00Z, 2266151, 19.50
2000-01-01T00:00:00Z, 2267275, 19.50
2000-01-01T00:00:00Z, 2268395, 19.50
2000-01-01T00:00:00Z, 2269515, 19.50
2000-01-01T00:00:00Z, 2270636, 19.50
2000-01-01T00:00:00Z, 2271756, 19.56
2000-01-01T00:00:00Z, 2272876, 19.56
2000-01-01T00:00:00Z, 2273996, 19.56
2000-01-01T00:00:00Z, 2275117, 19.56
2000-01-01T00:00:00Z, 2276237, 19.56
2000-01-01T00:00:00Z, 2277357, 19.63
2000-01-01T00:00:00Z, 2278477, 19.63
2000-01-01T00:00:00Z, 2279598, 19.63
2000-01-01T00:00:00Z, 2280718, 19.69
2000-01-01T00:00:00Z, 2281838, 19.69
2000-01-01T00:00:00Z, 2282961, 19.69
2000-01-01T00:00:00Z, 2284082, 19.69
2000-01-01T00:00:00Z, 2285202, 19.75
2000-01-01T00:00:00Z, 2286322, 19.75
2000-01-01T00:00:00Z, 2287442, 19.75
2000-01-01T00:00:00Z, 2288563, 19.75
2000-01-01T00:00:00Z, 2289683, 19.75
2000-01-01T00:00:00Z, 2290803, 19.75
2000-01-01T00:00:00Z, 2291929, 19.75
2000-01-01T00:00:00Z, 2293049, 19.75
2000-01-01T00:00:00Z, 2294169, 19.81
2000-01-01T00:00:00Z, 2295289, 19.81
2000-01-01T00:00:00Z, 2296410, 19.81
2000-01-01T00:00:00Z, 2297533, 19.81
2000-01-01T00:00:00Z, 2298653, 19.88
2000-01-01T00:00:00Z, 2299773, 19.88
2000-01-01T00:00:00Z, 2300895, 19.88
2000-01-01T00:00:00Z, 2302015, 19.94
2000-01-01T00:00:00Z, 2303135, 19.94
2000-01-01T00:00:00Z, 2304256, 19.94
2000-01-01T00:00:00Z, 2305376, 19.94
2000-01-01T00:00:00Z, 2306496, 20.00
2000-01-01T00:00:00Z, 2307616, 20.00
2000-01-01T00:00:00Z, 2308737, 20.00
2000-01-01T00:00:00Z, 2309857, 20.00
2000-01-01T00:00:00Z, 2310977, 20.06
2000-01-01T00:00:00Z, 2312097, 20.00
2000-01-01T00:00:00Z, 2313221, 20.06
2000-01-01T00:00:00Z, 2314342, 20.06
2000-01-01T00:00:00Z, 2315462, 20.06
2000-01-01T00:00:00Z, 2316582, 20.13
2000-01-01T00:00:00Z, 2317703, 20.13
2000-01-01T00:00:00Z, # Date, millis, spot_meas
